{"meta": {"format": 3, "version": "7.6.1", "timestamp": "2025-06-16T14:06:20.596541", "branch_coverage": true, "show_contexts": false}, "files": {"instagram_dupe/urls.py": {"executed_lines": [1, 17, 18, 19, 20, 21, 23, 52], "summary": {"covered_lines": 7, "num_statements": 7, "percent_covered": 100.0, "percent_covered_display": "100", "missing_lines": 0, "excluded_lines": 0, "num_branches": 0, "num_partial_branches": 0, "covered_branches": 0, "missing_branches": 0}, "missing_lines": [], "excluded_lines": [], "executed_branches": [], "missing_branches": [], "functions": {"": {"executed_lines": [1, 17, 18, 19, 20, 21, 23, 52], "summary": {"covered_lines": 7, "num_statements": 7, "percent_covered": 100.0, "percent_covered_display": "100", "missing_lines": 0, "excluded_lines": 0, "num_branches": 0, "num_partial_branches": 0, "covered_branches": 0, "missing_branches": 0}, "missing_lines": [], "excluded_lines": [], "executed_branches": [], "missing_branches": []}}, "classes": {"": {"executed_lines": [1, 17, 18, 19, 20, 21, 23, 52], "summary": {"covered_lines": 7, "num_statements": 7, "percent_covered": 100.0, "percent_covered_display": "100", "missing_lines": 0, "excluded_lines": 0, "num_branches": 0, "num_partial_branches": 0, "covered_branches": 0, "missing_branches": 0}, "missing_lines": [], "excluded_lines": [], "executed_branches": [], "missing_branches": []}}}, "socials/context_processors/friends_processor.py": {"executed_lines": [1, 2, 4, 6, 7, 8, 9, 10, 11, 12, 13, 15, 16], "summary": {"covered_lines": 12, "num_statements": 13, "percent_covered": 89.47368421052632, "percent_covered_display": "89", "missing_lines": 1, "excluded_lines": 0, "num_branches": 6, "num_partial_branches": 1, "covered_branches": 5, "missing_branches": 1}, "missing_lines": [14], "excluded_lines": [], "executed_branches": [[7, 8], [7, 16], [11, 12], [11, 13], [13, 15]], "missing_branches": [[13, 14]], "functions": {"friends_processor": {"executed_lines": [6, 7, 8, 9, 10, 11, 12, 13, 15, 16], "summary": {"covered_lines": 10, "num_statements": 11, "percent_covered": 88.23529411764706, "percent_covered_display": "88", "missing_lines": 1, "excluded_lines": 0, "num_branches": 6, "num_partial_branches": 1, "covered_branches": 5, "missing_branches": 1}, "missing_lines": [14], "excluded_lines": [], "executed_branches": [[7, 8], [7, 16], [11, 12], [11, 13], [13, 15]], "missing_branches": [[13, 14]]}, "": {"executed_lines": [1, 2, 4], "summary": {"covered_lines": 2, "num_statements": 2, "percent_covered": 100.0, "percent_covered_display": "100", "missing_lines": 0, "excluded_lines": 0, "num_branches": 0, "num_partial_branches": 0, "covered_branches": 0, "missing_branches": 0}, "missing_lines": [], "excluded_lines": [], "executed_branches": [], "missing_branches": []}}, "classes": {"": {"executed_lines": [1, 2, 4, 6, 7, 8, 9, 10, 11, 12, 13, 15, 16], "summary": {"covered_lines": 12, "num_statements": 13, "percent_covered": 89.47368421052632, "percent_covered_display": "89", "missing_lines": 1, "excluded_lines": 0, "num_branches": 6, "num_partial_branches": 1, "covered_branches": 5, "missing_branches": 1}, "missing_lines": [14], "excluded_lines": [], "executed_branches": [[7, 8], [7, 16], [11, 12], [11, 13], [13, 15]], "missing_branches": [[13, 14]]}}}, "socials/forms/account_forms.py": {"executed_lines": [1, 2, 3, 4, 6, 7, 9, 10, 12, 13, 16, 17, 19, 28, 30, 33, 34, 35, 36, 37, 39, 41, 42, 44, 45, 47, 50, 51, 59, 61, 63, 64, 66, 68, 69, 70, 72, 73, 74, 75, 77, 79, 82, 83, 84, 85, 86, 87, 89, 90, 92, 94, 95, 96, 98, 101, 102, 103, 104, 106, 107, 108, 110], "summary": {"covered_lines": 58, "num_statements": 58, "percent_covered": 100.0, "percent_covered_display": "100", "missing_lines": 0, "excluded_lines": 0, "num_branches": 12, "num_partial_branches": 0, "covered_branches": 12, "missing_branches": 0}, "missing_lines": [], "excluded_lines": [], "executed_branches": [[36, -30], [36, 37], [72, 73], [72, 77], [74, 75], [74, 77], [83, 84], [83, 87], [103, 104], [103, 106], [107, 108], [107, 110]], "missing_branches": [], "functions": {"NewPasswordMixin.clean": {"executed_lines": [33, 34, 35, 36, 37], "summary": {"covered_lines": 5, "num_statements": 5, "percent_covered": 100.0, "percent_covered_display": "100", "missing_lines": 0, "excluded_lines": 0, "num_branches": 2, "num_partial_branches": 0, "covered_branches": 2, "missing_branches": 0}, "missing_lines": [], "excluded_lines": [], "executed_branches": [[36, -30], [36, 37]], "missing_branches": []}, "SignUpForm.save": {"executed_lines": [50, 51, 59], "summary": {"covered_lines": 3, "num_statements": 3, "percent_covered": 100.0, "percent_covered_display": "100", "missing_lines": 0, "excluded_lines": 0, "num_branches": 0, "num_partial_branches": 0, "covered_branches": 0, "missing_branches": 0}, "missing_lines": [], "excluded_lines": [], "executed_branches": [], "missing_branches": []}, "LogInForm.clean": {"executed_lines": [68, 69, 70, 72, 73, 74, 75, 77], "summary": {"covered_lines": 8, "num_statements": 8, "percent_covered": 100.0, "percent_covered_display": "100", "missing_lines": 0, "excluded_lines": 0, "num_branches": 4, "num_partial_branches": 0, "covered_branches": 4, "missing_branches": 0}, "missing_lines": [], "excluded_lines": [], "executed_branches": [[72, 73], [72, 77], [74, 75], [74, 77]], "missing_branches": []}, "LogInForm.get_user": {"executed_lines": [82, 83, 84, 85, 86, 87], "summary": {"covered_lines": 6, "num_statements": 6, "percent_covered": 100.0, "percent_covered_display": "100", "missing_lines": 0, "excluded_lines": 0, "num_branches": 2, "num_partial_branches": 0, "covered_branches": 2, "missing_branches": 0}, "missing_lines": [], "excluded_lines": [], "executed_branches": [[83, 84], [83, 87]], "missing_branches": []}, "ConfirmPasswordForm.__init__": {"executed_lines": [95, 96], "summary": {"covered_lines": 2, "num_statements": 2, "percent_covered": 100.0, "percent_covered_display": "100", "missing_lines": 0, "excluded_lines": 0, "num_branches": 0, "num_partial_branches": 0, "covered_branches": 0, "missing_branches": 0}, "missing_lines": [], "excluded_lines": [], "executed_branches": [], "missing_branches": []}, "ConfirmPasswordForm.clean": {"executed_lines": [101, 102, 103, 104, 106, 107, 108, 110], "summary": {"covered_lines": 8, "num_statements": 8, "percent_covered": 100.0, "percent_covered_display": "100", "missing_lines": 0, "excluded_lines": 0, "num_branches": 4, "num_partial_branches": 0, "covered_branches": 4, "missing_branches": 0}, "missing_lines": [], "excluded_lines": [], "executed_branches": [[103, 104], [103, 106], [107, 108], [107, 110]], "missing_branches": []}, "": {"executed_lines": [1, 2, 3, 4, 6, 7, 9, 10, 12, 13, 16, 17, 19, 28, 30, 39, 41, 42, 44, 45, 47, 61, 63, 64, 66, 79, 89, 90, 92, 94, 98], "summary": {"covered_lines": 26, "num_statements": 26, "percent_covered": 100.0, "percent_covered_display": "100", "missing_lines": 0, "excluded_lines": 0, "num_branches": 0, "num_partial_branches": 0, "covered_branches": 0, "missing_branches": 0}, "missing_lines": [], "excluded_lines": [], "executed_branches": [], "missing_branches": []}}, "classes": {"UserForm": {"executed_lines": [], "summary": {"covered_lines": 0, "num_statements": 0, "percent_covered": 100.0, "percent_covered_display": "100", "missing_lines": 0, "excluded_lines": 0, "num_branches": 0, "num_partial_branches": 0, "covered_branches": 0, "missing_branches": 0}, "missing_lines": [], "excluded_lines": [], "executed_branches": [], "missing_branches": []}, "UserForm.Meta": {"executed_lines": [], "summary": {"covered_lines": 0, "num_statements": 0, "percent_covered": 100.0, "percent_covered_display": "100", "missing_lines": 0, "excluded_lines": 0, "num_branches": 0, "num_partial_branches": 0, "covered_branches": 0, "missing_branches": 0}, "missing_lines": [], "excluded_lines": [], "executed_branches": [], "missing_branches": []}, "NewPasswordMixin": {"executed_lines": [33, 34, 35, 36, 37], "summary": {"covered_lines": 5, "num_statements": 5, "percent_covered": 100.0, "percent_covered_display": "100", "missing_lines": 0, "excluded_lines": 0, "num_branches": 2, "num_partial_branches": 0, "covered_branches": 2, "missing_branches": 0}, "missing_lines": [], "excluded_lines": [], "executed_branches": [[36, -30], [36, 37]], "missing_branches": []}, "SignUpForm": {"executed_lines": [50, 51, 59], "summary": {"covered_lines": 3, "num_statements": 3, "percent_covered": 100.0, "percent_covered_display": "100", "missing_lines": 0, "excluded_lines": 0, "num_branches": 0, "num_partial_branches": 0, "covered_branches": 0, "missing_branches": 0}, "missing_lines": [], "excluded_lines": [], "executed_branches": [], "missing_branches": []}, "SignUpForm.Meta": {"executed_lines": [], "summary": {"covered_lines": 0, "num_statements": 0, "percent_covered": 100.0, "percent_covered_display": "100", "missing_lines": 0, "excluded_lines": 0, "num_branches": 0, "num_partial_branches": 0, "covered_branches": 0, "missing_branches": 0}, "missing_lines": [], "excluded_lines": [], "executed_branches": [], "missing_branches": []}, "LogInForm": {"executed_lines": [68, 69, 70, 72, 73, 74, 75, 77, 82, 83, 84, 85, 86, 87], "summary": {"covered_lines": 14, "num_statements": 14, "percent_covered": 100.0, "percent_covered_display": "100", "missing_lines": 0, "excluded_lines": 0, "num_branches": 6, "num_partial_branches": 0, "covered_branches": 6, "missing_branches": 0}, "missing_lines": [], "excluded_lines": [], "executed_branches": [[72, 73], [72, 77], [74, 75], [74, 77], [83, 84], [83, 87]], "missing_branches": []}, "ConfirmPasswordForm": {"executed_lines": [95, 96, 101, 102, 103, 104, 106, 107, 108, 110], "summary": {"covered_lines": 10, "num_statements": 10, "percent_covered": 100.0, "percent_covered_display": "100", "missing_lines": 0, "excluded_lines": 0, "num_branches": 4, "num_partial_branches": 0, "covered_branches": 4, "missing_branches": 0}, "missing_lines": [], "excluded_lines": [], "executed_branches": [[103, 104], [103, 106], [107, 108], [107, 110]], "missing_branches": []}, "": {"executed_lines": [1, 2, 3, 4, 6, 7, 9, 10, 12, 13, 16, 17, 19, 28, 30, 39, 41, 42, 44, 45, 47, 61, 63, 64, 66, 79, 89, 90, 92, 94, 98], "summary": {"covered_lines": 26, "num_statements": 26, "percent_covered": 100.0, "percent_covered_display": "100", "missing_lines": 0, "excluded_lines": 0, "num_branches": 0, "num_partial_branches": 0, "covered_branches": 0, "missing_branches": 0}, "missing_lines": [], "excluded_lines": [], "executed_branches": [], "missing_branches": []}}}, "socials/forms/conversation_forms.py": {"executed_lines": [1, 2, 3, 4, 6, 8, 9, 10, 12, 17, 29, 39, 41, 42, 43, 45, 49, 57, 68, 70, 71, 72, 74, 79, 91], "summary": {"covered_lines": 25, "num_statements": 59, "percent_covered": 36.231884057971016, "percent_covered_display": "36", "missing_lines": 34, "excluded_lines": 0, "num_branches": 10, "num_partial_branches": 0, "covered_branches": 0, "missing_branches": 10}, "missing_lines": [13, 14, 15, 19, 21, 22, 24, 25, 27, 31, 37, 46, 47, 50, 51, 52, 53, 55, 59, 63, 64, 65, 75, 76, 77, 81, 83, 84, 86, 87, 89, 93, 99, 100], "excluded_lines": [], "executed_branches": [], "missing_branches": [[21, 22], [21, 24], [24, 25], [24, 27], [52, 53], [52, 55], [83, 84], [83, 86], [86, 87], [86, 89]], "functions": {"MessageForm.__init__": {"executed_lines": [], "summary": {"covered_lines": 0, "num_statements": 3, "percent_covered": 0.0, "percent_covered_display": "0", "missing_lines": 3, "excluded_lines": 0, "num_branches": 0, "num_partial_branches": 0, "covered_branches": 0, "missing_branches": 0}, "missing_lines": [13, 14, 15], "excluded_lines": [], "executed_branches": [], "missing_branches": []}, "MessageForm.clean": {"executed_lines": [], "summary": {"covered_lines": 0, "num_statements": 6, "percent_covered": 0.0, "percent_covered_display": "0", "missing_lines": 6, "excluded_lines": 0, "num_branches": 4, "num_partial_branches": 0, "covered_branches": 0, "missing_branches": 4}, "missing_lines": [19, 21, 22, 24, 25, 27], "excluded_lines": [], "executed_branches": [], "missing_branches": [[21, 22], [21, 24], [24, 25], [24, 27]]}, "MessageForm.save": {"executed_lines": [], "summary": {"covered_lines": 0, "num_statements": 2, "percent_covered": 0.0, "percent_covered_display": "0", "missing_lines": 2, "excluded_lines": 0, "num_branches": 0, "num_partial_branches": 0, "covered_branches": 0, "missing_branches": 0}, "missing_lines": [31, 37], "excluded_lines": [], "executed_branches": [], "missing_branches": []}, "GroupChatForm.__init__": {"executed_lines": [], "summary": {"covered_lines": 0, "num_statements": 2, "percent_covered": 0.0, "percent_covered_display": "0", "missing_lines": 2, "excluded_lines": 0, "num_branches": 0, "num_partial_branches": 0, "covered_branches": 0, "missing_branches": 0}, "missing_lines": [46, 47], "excluded_lines": [], "executed_branches": [], "missing_branches": []}, "GroupChatForm.clean": {"executed_lines": [], "summary": {"covered_lines": 0, "num_statements": 5, "percent_covered": 0.0, "percent_covered_display": "0", "missing_lines": 5, "excluded_lines": 0, "num_branches": 2, "num_partial_branches": 0, "covered_branches": 0, "missing_branches": 2}, "missing_lines": [50, 51, 52, 53, 55], "excluded_lines": [], "executed_branches": [], "missing_branches": [[52, 53], [52, 55]]}, "GroupChatForm.save": {"executed_lines": [], "summary": {"covered_lines": 0, "num_statements": 4, "percent_covered": 0.0, "percent_covered_display": "0", "missing_lines": 4, "excluded_lines": 0, "num_branches": 0, "num_partial_branches": 0, "covered_branches": 0, "missing_branches": 0}, "missing_lines": [59, 63, 64, 65], "excluded_lines": [], "executed_branches": [], "missing_branches": []}, "GroupMessageForm.__init__": {"executed_lines": [], "summary": {"covered_lines": 0, "num_statements": 3, "percent_covered": 0.0, "percent_covered_display": "0", "missing_lines": 3, "excluded_lines": 0, "num_branches": 0, "num_partial_branches": 0, "covered_branches": 0, "missing_branches": 0}, "missing_lines": [75, 76, 77], "excluded_lines": [], "executed_branches": [], "missing_branches": []}, "GroupMessageForm.clean": {"executed_lines": [], "summary": {"covered_lines": 0, "num_statements": 6, "percent_covered": 0.0, "percent_covered_display": "0", "missing_lines": 6, "excluded_lines": 0, "num_branches": 4, "num_partial_branches": 0, "covered_branches": 0, "missing_branches": 4}, "missing_lines": [81, 83, 84, 86, 87, 89], "excluded_lines": [], "executed_branches": [], "missing_branches": [[83, 84], [83, 86], [86, 87], [86, 89]]}, "GroupMessageForm.save": {"executed_lines": [], "summary": {"covered_lines": 0, "num_statements": 3, "percent_covered": 0.0, "percent_covered_display": "0", "missing_lines": 3, "excluded_lines": 0, "num_branches": 0, "num_partial_branches": 0, "covered_branches": 0, "missing_branches": 0}, "missing_lines": [93, 99, 100], "excluded_lines": [], "executed_branches": [], "missing_branches": []}, "": {"executed_lines": [1, 2, 3, 4, 6, 8, 9, 10, 12, 17, 29, 39, 41, 42, 43, 45, 49, 57, 68, 70, 71, 72, 74, 79, 91], "summary": {"covered_lines": 25, "num_statements": 25, "percent_covered": 100.0, "percent_covered_display": "100", "missing_lines": 0, "excluded_lines": 0, "num_branches": 0, "num_partial_branches": 0, "covered_branches": 0, "missing_branches": 0}, "missing_lines": [], "excluded_lines": [], "executed_branches": [], "missing_branches": []}}, "classes": {"MessageForm": {"executed_lines": [], "summary": {"covered_lines": 0, "num_statements": 11, "percent_covered": 0.0, "percent_covered_display": "0", "missing_lines": 11, "excluded_lines": 0, "num_branches": 4, "num_partial_branches": 0, "covered_branches": 0, "missing_branches": 4}, "missing_lines": [13, 14, 15, 19, 21, 22, 24, 25, 27, 31, 37], "excluded_lines": [], "executed_branches": [], "missing_branches": [[21, 22], [21, 24], [24, 25], [24, 27]]}, "MessageForm.Meta": {"executed_lines": [], "summary": {"covered_lines": 0, "num_statements": 0, "percent_covered": 100.0, "percent_covered_display": "100", "missing_lines": 0, "excluded_lines": 0, "num_branches": 0, "num_partial_branches": 0, "covered_branches": 0, "missing_branches": 0}, "missing_lines": [], "excluded_lines": [], "executed_branches": [], "missing_branches": []}, "GroupChatForm": {"executed_lines": [], "summary": {"covered_lines": 0, "num_statements": 11, "percent_covered": 0.0, "percent_covered_display": "0", "missing_lines": 11, "excluded_lines": 0, "num_branches": 2, "num_partial_branches": 0, "covered_branches": 0, "missing_branches": 2}, "missing_lines": [46, 47, 50, 51, 52, 53, 55, 59, 63, 64, 65], "excluded_lines": [], "executed_branches": [], "missing_branches": [[52, 53], [52, 55]]}, "GroupChatForm.Meta": {"executed_lines": [], "summary": {"covered_lines": 0, "num_statements": 0, "percent_covered": 100.0, "percent_covered_display": "100", "missing_lines": 0, "excluded_lines": 0, "num_branches": 0, "num_partial_branches": 0, "covered_branches": 0, "missing_branches": 0}, "missing_lines": [], "excluded_lines": [], "executed_branches": [], "missing_branches": []}, "GroupMessageForm": {"executed_lines": [], "summary": {"covered_lines": 0, "num_statements": 12, "percent_covered": 0.0, "percent_covered_display": "0", "missing_lines": 12, "excluded_lines": 0, "num_branches": 4, "num_partial_branches": 0, "covered_branches": 0, "missing_branches": 4}, "missing_lines": [75, 76, 77, 81, 83, 84, 86, 87, 89, 93, 99, 100], "excluded_lines": [], "executed_branches": [], "missing_branches": [[83, 84], [83, 86], [86, 87], [86, 89]]}, "GroupMessageForm.Meta": {"executed_lines": [], "summary": {"covered_lines": 0, "num_statements": 0, "percent_covered": 100.0, "percent_covered_display": "100", "missing_lines": 0, "excluded_lines": 0, "num_branches": 0, "num_partial_branches": 0, "covered_branches": 0, "missing_branches": 0}, "missing_lines": [], "excluded_lines": [], "executed_branches": [], "missing_branches": []}, "": {"executed_lines": [1, 2, 3, 4, 6, 8, 9, 10, 12, 17, 29, 39, 41, 42, 43, 45, 49, 57, 68, 70, 71, 72, 74, 79, 91], "summary": {"covered_lines": 25, "num_statements": 25, "percent_covered": 100.0, "percent_covered_display": "100", "missing_lines": 0, "excluded_lines": 0, "num_branches": 0, "num_partial_branches": 0, "covered_branches": 0, "missing_branches": 0}, "missing_lines": [], "excluded_lines": [], "executed_branches": [], "missing_branches": []}}}, "socials/forms/menu_forms.py": {"executed_lines": [1, 3, 4], "summary": {"covered_lines": 3, "num_statements": 3, "percent_covered": 100.0, "percent_covered_display": "100", "missing_lines": 0, "excluded_lines": 0, "num_branches": 0, "num_partial_branches": 0, "covered_branches": 0, "missing_branches": 0}, "missing_lines": [], "excluded_lines": [], "executed_branches": [], "missing_branches": [], "functions": {"": {"executed_lines": [1, 3, 4], "summary": {"covered_lines": 3, "num_statements": 3, "percent_covered": 100.0, "percent_covered_display": "100", "missing_lines": 0, "excluded_lines": 0, "num_branches": 0, "num_partial_branches": 0, "covered_branches": 0, "missing_branches": 0}, "missing_lines": [], "excluded_lines": [], "executed_branches": [], "missing_branches": []}}, "classes": {"SearchForm": {"executed_lines": [], "summary": {"covered_lines": 0, "num_statements": 0, "percent_covered": 100.0, "percent_covered_display": "100", "missing_lines": 0, "excluded_lines": 0, "num_branches": 0, "num_partial_branches": 0, "covered_branches": 0, "missing_branches": 0}, "missing_lines": [], "excluded_lines": [], "executed_branches": [], "missing_branches": []}, "": {"executed_lines": [1, 3, 4], "summary": {"covered_lines": 3, "num_statements": 3, "percent_covered": 100.0, "percent_covered_display": "100", "missing_lines": 0, "excluded_lines": 0, "num_branches": 0, "num_partial_branches": 0, "covered_branches": 0, "missing_branches": 0}, "missing_lines": [], "excluded_lines": [], "executed_branches": [], "missing_branches": []}}}, "socials/forms/post_forms.py": {"executed_lines": [1, 2, 3, 5, 6, 8, 9, 11, 12, 14, 22, 23, 25, 26, 28, 29, 32, 38, 40, 42, 43, 45], "summary": {"covered_lines": 18, "num_statements": 22, "percent_covered": 81.81818181818181, "percent_covered_display": "82", "missing_lines": 4, "excluded_lines": 0, "num_branches": 0, "num_partial_branches": 0, "covered_branches": 0, "missing_branches": 0}, "missing_lines": [15, 20, 33, 46], "excluded_lines": [], "executed_branches": [], "missing_branches": [], "functions": {"PostForm.save": {"executed_lines": [], "summary": {"covered_lines": 0, "num_statements": 2, "percent_covered": 0.0, "percent_covered_display": "0", "missing_lines": 2, "excluded_lines": 0, "num_branches": 0, "num_partial_branches": 0, "covered_branches": 0, "missing_branches": 0}, "missing_lines": [15, 20], "excluded_lines": [], "executed_branches": [], "missing_branches": []}, "ImageForm.save": {"executed_lines": [], "summary": {"covered_lines": 0, "num_statements": 1, "percent_covered": 0.0, "percent_covered_display": "0", "missing_lines": 1, "excluded_lines": 0, "num_branches": 0, "num_partial_branches": 0, "covered_branches": 0, "missing_branches": 0}, "missing_lines": [33], "excluded_lines": [], "executed_branches": [], "missing_branches": []}, "CommentForm.save": {"executed_lines": [], "summary": {"covered_lines": 0, "num_statements": 1, "percent_covered": 0.0, "percent_covered_display": "0", "missing_lines": 1, "excluded_lines": 0, "num_branches": 0, "num_partial_branches": 0, "covered_branches": 0, "missing_branches": 0}, "missing_lines": [46], "excluded_lines": [], "executed_branches": [], "missing_branches": []}, "": {"executed_lines": [1, 2, 3, 5, 6, 8, 9, 11, 12, 14, 22, 23, 25, 26, 28, 29, 32, 38, 40, 42, 43, 45], "summary": {"covered_lines": 18, "num_statements": 18, "percent_covered": 100.0, "percent_covered_display": "100", "missing_lines": 0, "excluded_lines": 0, "num_branches": 0, "num_partial_branches": 0, "covered_branches": 0, "missing_branches": 0}, "missing_lines": [], "excluded_lines": [], "executed_branches": [], "missing_branches": []}}, "classes": {"PostForm": {"executed_lines": [], "summary": {"covered_lines": 0, "num_statements": 2, "percent_covered": 0.0, "percent_covered_display": "0", "missing_lines": 2, "excluded_lines": 0, "num_branches": 0, "num_partial_branches": 0, "covered_branches": 0, "missing_branches": 0}, "missing_lines": [15, 20], "excluded_lines": [], "executed_branches": [], "missing_branches": []}, "PostForm.Meta": {"executed_lines": [], "summary": {"covered_lines": 0, "num_statements": 0, "percent_covered": 100.0, "percent_covered_display": "100", "missing_lines": 0, "excluded_lines": 0, "num_branches": 0, "num_partial_branches": 0, "covered_branches": 0, "missing_branches": 0}, "missing_lines": [], "excluded_lines": [], "executed_branches": [], "missing_branches": []}, "ImageForm": {"executed_lines": [], "summary": {"covered_lines": 0, "num_statements": 1, "percent_covered": 0.0, "percent_covered_display": "0", "missing_lines": 1, "excluded_lines": 0, "num_branches": 0, "num_partial_branches": 0, "covered_branches": 0, "missing_branches": 0}, "missing_lines": [33], "excluded_lines": [], "executed_branches": [], "missing_branches": []}, "ImageForm.Meta": {"executed_lines": [], "summary": {"covered_lines": 0, "num_statements": 0, "percent_covered": 100.0, "percent_covered_display": "100", "missing_lines": 0, "excluded_lines": 0, "num_branches": 0, "num_partial_branches": 0, "covered_branches": 0, "missing_branches": 0}, "missing_lines": [], "excluded_lines": [], "executed_branches": [], "missing_branches": []}, "CommentForm": {"executed_lines": [], "summary": {"covered_lines": 0, "num_statements": 1, "percent_covered": 0.0, "percent_covered_display": "0", "missing_lines": 1, "excluded_lines": 0, "num_branches": 0, "num_partial_branches": 0, "covered_branches": 0, "missing_branches": 0}, "missing_lines": [46], "excluded_lines": [], "executed_branches": [], "missing_branches": []}, "CommentForm.Meta": {"executed_lines": [], "summary": {"covered_lines": 0, "num_statements": 0, "percent_covered": 100.0, "percent_covered_display": "100", "missing_lines": 0, "excluded_lines": 0, "num_branches": 0, "num_partial_branches": 0, "covered_branches": 0, "missing_branches": 0}, "missing_lines": [], "excluded_lines": [], "executed_branches": [], "missing_branches": []}, "": {"executed_lines": [1, 2, 3, 5, 6, 8, 9, 11, 12, 14, 22, 23, 25, 26, 28, 29, 32, 38, 40, 42, 43, 45], "summary": {"covered_lines": 18, "num_statements": 18, "percent_covered": 100.0, "percent_covered_display": "100", "missing_lines": 0, "excluded_lines": 0, "num_branches": 0, "num_partial_branches": 0, "covered_branches": 0, "missing_branches": 0}, "missing_lines": [], "excluded_lines": [], "executed_branches": [], "missing_branches": []}}}, "socials/helpers.py": {"executed_lines": [1, 2, 4, 7, 8, 9, 11, 12], "summary": {"covered_lines": 8, "num_statements": 8, "percent_covered": 100.0, "percent_covered_display": "100", "missing_lines": 0, "excluded_lines": 0, "num_branches": 2, "num_partial_branches": 0, "covered_branches": 2, "missing_branches": 0}, "missing_lines": [], "excluded_lines": [], "executed_branches": [[8, 9], [8, 11]], "missing_branches": [], "functions": {"login_prohibited": {"executed_lines": [7, 12], "summary": {"covered_lines": 2, "num_statements": 2, "percent_covered": 100.0, "percent_covered_display": "100", "missing_lines": 0, "excluded_lines": 0, "num_branches": 0, "num_partial_branches": 0, "covered_branches": 0, "missing_branches": 0}, "missing_lines": [], "excluded_lines": [], "executed_branches": [], "missing_branches": []}, "login_prohibited.modified_view_function": {"executed_lines": [8, 9, 11], "summary": {"covered_lines": 3, "num_statements": 3, "percent_covered": 100.0, "percent_covered_display": "100", "missing_lines": 0, "excluded_lines": 0, "num_branches": 2, "num_partial_branches": 0, "covered_branches": 2, "missing_branches": 0}, "missing_lines": [], "excluded_lines": [], "executed_branches": [[8, 9], [8, 11]], "missing_branches": []}, "": {"executed_lines": [1, 2, 4], "summary": {"covered_lines": 3, "num_statements": 3, "percent_covered": 100.0, "percent_covered_display": "100", "missing_lines": 0, "excluded_lines": 0, "num_branches": 0, "num_partial_branches": 0, "covered_branches": 0, "missing_branches": 0}, "missing_lines": [], "excluded_lines": [], "executed_branches": [], "missing_branches": []}}, "classes": {"": {"executed_lines": [1, 2, 4, 7, 8, 9, 11, 12], "summary": {"covered_lines": 8, "num_statements": 8, "percent_covered": 100.0, "percent_covered_display": "100", "missing_lines": 0, "excluded_lines": 0, "num_branches": 2, "num_partial_branches": 0, "covered_branches": 2, "missing_branches": 0}, "missing_lines": [], "excluded_lines": [], "executed_branches": [[8, 9], [8, 11]], "missing_branches": []}}}, "socials/models/comment_model.py": {"executed_lines": [1, 2, 4, 6, 7, 8, 9], "summary": {"covered_lines": 7, "num_statements": 7, "percent_covered": 100.0, "percent_covered_display": "100", "missing_lines": 0, "excluded_lines": 0, "num_branches": 0, "num_partial_branches": 0, "covered_branches": 0, "missing_branches": 0}, "missing_lines": [], "excluded_lines": [], "executed_branches": [], "missing_branches": [], "functions": {"": {"executed_lines": [1, 2, 4, 6, 7, 8, 9], "summary": {"covered_lines": 7, "num_statements": 7, "percent_covered": 100.0, "percent_covered_display": "100", "missing_lines": 0, "excluded_lines": 0, "num_branches": 0, "num_partial_branches": 0, "covered_branches": 0, "missing_branches": 0}, "missing_lines": [], "excluded_lines": [], "executed_branches": [], "missing_branches": []}}, "classes": {"Comment": {"executed_lines": [], "summary": {"covered_lines": 0, "num_statements": 0, "percent_covered": 100.0, "percent_covered_display": "100", "missing_lines": 0, "excluded_lines": 0, "num_branches": 0, "num_partial_branches": 0, "covered_branches": 0, "missing_branches": 0}, "missing_lines": [], "excluded_lines": [], "executed_branches": [], "missing_branches": []}, "": {"executed_lines": [1, 2, 4, 6, 7, 8, 9], "summary": {"covered_lines": 7, "num_statements": 7, "percent_covered": 100.0, "percent_covered_display": "100", "missing_lines": 0, "excluded_lines": 0, "num_branches": 0, "num_partial_branches": 0, "covered_branches": 0, "missing_branches": 0}, "missing_lines": [], "excluded_lines": [], "executed_branches": [], "missing_branches": []}}}, "socials/models/conversation_model.py": {"executed_lines": [1, 2, 4, 5, 6, 9, 11, 13, 14], "summary": {"covered_lines": 9, "num_statements": 10, "percent_covered": 91.66666666666667, "percent_covered_display": "92", "missing_lines": 1, "excluded_lines": 0, "num_branches": 2, "num_partial_branches": 0, "covered_branches": 2, "missing_branches": 0}, "missing_lines": [15], "excluded_lines": [], "executed_branches": [[14, -4], [14, 13]], "missing_branches": [], "functions": {"Conversation.save": {"executed_lines": [11], "summary": {"covered_lines": 1, "num_statements": 1, "percent_covered": 100.0, "percent_covered_display": "100", "missing_lines": 0, "excluded_lines": 0, "num_branches": 0, "num_partial_branches": 0, "covered_branches": 0, "missing_branches": 0}, "missing_lines": [], "excluded_lines": [], "executed_branches": [], "missing_branches": []}, "Conversation.get_for_users": {"executed_lines": [], "summary": {"covered_lines": 0, "num_statements": 1, "percent_covered": 0.0, "percent_covered_display": "0", "missing_lines": 1, "excluded_lines": 0, "num_branches": 0, "num_partial_branches": 0, "covered_branches": 0, "missing_branches": 0}, "missing_lines": [15], "excluded_lines": [], "executed_branches": [], "missing_branches": []}, "": {"executed_lines": [1, 2, 4, 5, 6, 9, 13, 14], "summary": {"covered_lines": 8, "num_statements": 8, "percent_covered": 100.0, "percent_covered_display": "100", "missing_lines": 0, "excluded_lines": 0, "num_branches": 2, "num_partial_branches": 0, "covered_branches": 2, "missing_branches": 0}, "missing_lines": [], "excluded_lines": [], "executed_branches": [[14, -4], [14, 13]], "missing_branches": []}}, "classes": {"Conversation": {"executed_lines": [11], "summary": {"covered_lines": 1, "num_statements": 2, "percent_covered": 50.0, "percent_covered_display": "50", "missing_lines": 1, "excluded_lines": 0, "num_branches": 0, "num_partial_branches": 0, "covered_branches": 0, "missing_branches": 0}, "missing_lines": [15], "excluded_lines": [], "executed_branches": [], "missing_branches": []}, "": {"executed_lines": [1, 2, 4, 5, 6, 9, 13, 14], "summary": {"covered_lines": 8, "num_statements": 8, "percent_covered": 100.0, "percent_covered_display": "100", "missing_lines": 0, "excluded_lines": 0, "num_branches": 2, "num_partial_branches": 0, "covered_branches": 2, "missing_branches": 0}, "missing_lines": [], "excluded_lines": [], "executed_branches": [[14, -4], [14, 13]], "missing_branches": []}}}, "socials/models/follower_model.py": {"executed_lines": [1, 2, 3, 4, 6, 7, 8, 10, 11, 13, 14, 15, 16, 17, 18, 20, 23], "summary": {"covered_lines": 17, "num_statements": 23, "percent_covered": 67.74193548387096, "percent_covered_display": "68", "missing_lines": 6, "excluded_lines": 0, "num_branches": 8, "num_partial_branches": 0, "covered_branches": 4, "missing_branches": 4}, "missing_lines": [21, 24, 25, 26, 27, 28], "excluded_lines": [], "executed_branches": [[14, 15], [14, 16], [16, 17], [16, 18]], "missing_branches": [[24, 25], [24, 26], [26, 27], [26, 28]], "functions": {"Follower.save": {"executed_lines": [14, 15, 16, 17, 18], "summary": {"covered_lines": 5, "num_statements": 5, "percent_covered": 100.0, "percent_covered_display": "100", "missing_lines": 0, "excluded_lines": 0, "num_branches": 4, "num_partial_branches": 0, "covered_branches": 4, "missing_branches": 0}, "missing_lines": [], "excluded_lines": [], "executed_branches": [[14, 15], [14, 16], [16, 17], [16, 18]], "missing_branches": []}, "Follower.remove_follower": {"executed_lines": [], "summary": {"covered_lines": 0, "num_statements": 1, "percent_covered": 0.0, "percent_covered_display": "0", "missing_lines": 1, "excluded_lines": 0, "num_branches": 0, "num_partial_branches": 0, "covered_branches": 0, "missing_branches": 0}, "missing_lines": [21], "excluded_lines": [], "executed_branches": [], "missing_branches": []}, "Follower.unfollow": {"executed_lines": [], "summary": {"covered_lines": 0, "num_statements": 5, "percent_covered": 0.0, "percent_covered_display": "0", "missing_lines": 5, "excluded_lines": 0, "num_branches": 4, "num_partial_branches": 0, "covered_branches": 0, "missing_branches": 4}, "missing_lines": [24, 25, 26, 27, 28], "excluded_lines": [], "executed_branches": [], "missing_branches": [[24, 25], [24, 26], [26, 27], [26, 28]]}, "": {"executed_lines": [1, 2, 3, 4, 6, 7, 8, 10, 11, 13, 20, 23], "summary": {"covered_lines": 12, "num_statements": 12, "percent_covered": 100.0, "percent_covered_display": "100", "missing_lines": 0, "excluded_lines": 0, "num_branches": 0, "num_partial_branches": 0, "covered_branches": 0, "missing_branches": 0}, "missing_lines": [], "excluded_lines": [], "executed_branches": [], "missing_branches": []}}, "classes": {"Follower": {"executed_lines": [14, 15, 16, 17, 18], "summary": {"covered_lines": 5, "num_statements": 11, "percent_covered": 47.36842105263158, "percent_covered_display": "47", "missing_lines": 6, "excluded_lines": 0, "num_branches": 8, "num_partial_branches": 0, "covered_branches": 4, "missing_branches": 4}, "missing_lines": [21, 24, 25, 26, 27, 28], "excluded_lines": [], "executed_branches": [[14, 15], [14, 16], [16, 17], [16, 18]], "missing_branches": [[24, 25], [24, 26], [26, 27], [26, 28]]}, "Follower.Meta": {"executed_lines": [], "summary": {"covered_lines": 0, "num_statements": 0, "percent_covered": 100.0, "percent_covered_display": "100", "missing_lines": 0, "excluded_lines": 0, "num_branches": 0, "num_partial_branches": 0, "covered_branches": 0, "missing_branches": 0}, "missing_lines": [], "excluded_lines": [], "executed_branches": [], "missing_branches": []}, "": {"executed_lines": [1, 2, 3, 4, 6, 7, 8, 10, 11, 13, 20, 23], "summary": {"covered_lines": 12, "num_statements": 12, "percent_covered": 100.0, "percent_covered_display": "100", "missing_lines": 0, "excluded_lines": 0, "num_branches": 0, "num_partial_branches": 0, "covered_branches": 0, "missing_branches": 0}, "missing_lines": [], "excluded_lines": [], "executed_branches": [], "missing_branches": []}}}, "socials/models/friend_request_model.py": {"executed_lines": [1, 2, 3, 4, 6, 7, 8, 9, 11, 12, 13, 14, 16, 18, 21, 22, 23, 27, 29, 30], "summary": {"covered_lines": 20, "num_statements": 22, "percent_covered": 85.71428571428571, "percent_covered_display": "86", "missing_lines": 2, "excluded_lines": 0, "num_branches": 6, "num_partial_branches": 2, "covered_branches": 4, "missing_branches": 2}, "missing_lines": [15, 17], "excluded_lines": [], "executed_branches": [[12, 13], [12, 14], [14, 16], [16, 18]], "missing_branches": [[14, 15], [16, 17]], "functions": {"FollowRequest.save": {"executed_lines": [12, 13, 14, 16, 18], "summary": {"covered_lines": 5, "num_statements": 7, "percent_covered": 69.23076923076923, "percent_covered_display": "69", "missing_lines": 2, "excluded_lines": 0, "num_branches": 6, "num_partial_branches": 2, "covered_branches": 4, "missing_branches": 2}, "missing_lines": [15, 17], "excluded_lines": [], "executed_branches": [[12, 13], [12, 14], [14, 16], [16, 18]], "missing_branches": [[14, 15], [16, 17]]}, "FollowRequest.accept_request": {"executed_lines": [22, 23, 27], "summary": {"covered_lines": 3, "num_statements": 3, "percent_covered": 100.0, "percent_covered_display": "100", "missing_lines": 0, "excluded_lines": 0, "num_branches": 0, "num_partial_branches": 0, "covered_branches": 0, "missing_branches": 0}, "missing_lines": [], "excluded_lines": [], "executed_branches": [], "missing_branches": []}, "FollowRequest.decline_request": {"executed_lines": [30], "summary": {"covered_lines": 1, "num_statements": 1, "percent_covered": 100.0, "percent_covered_display": "100", "missing_lines": 0, "excluded_lines": 0, "num_branches": 0, "num_partial_branches": 0, "covered_branches": 0, "missing_branches": 0}, "missing_lines": [], "excluded_lines": [], "executed_branches": [], "missing_branches": []}, "": {"executed_lines": [1, 2, 3, 4, 6, 7, 8, 9, 11, 21, 29], "summary": {"covered_lines": 11, "num_statements": 11, "percent_covered": 100.0, "percent_covered_display": "100", "missing_lines": 0, "excluded_lines": 0, "num_branches": 0, "num_partial_branches": 0, "covered_branches": 0, "missing_branches": 0}, "missing_lines": [], "excluded_lines": [], "executed_branches": [], "missing_branches": []}}, "classes": {"FollowRequest": {"executed_lines": [12, 13, 14, 16, 18, 22, 23, 27, 30], "summary": {"covered_lines": 9, "num_statements": 11, "percent_covered": 76.47058823529412, "percent_covered_display": "76", "missing_lines": 2, "excluded_lines": 0, "num_branches": 6, "num_partial_branches": 2, "covered_branches": 4, "missing_branches": 2}, "missing_lines": [15, 17], "excluded_lines": [], "executed_branches": [[12, 13], [12, 14], [14, 16], [16, 18]], "missing_branches": [[14, 15], [16, 17]]}, "": {"executed_lines": [1, 2, 3, 4, 6, 7, 8, 9, 11, 21, 29], "summary": {"covered_lines": 11, "num_statements": 11, "percent_covered": 100.0, "percent_covered_display": "100", "missing_lines": 0, "excluded_lines": 0, "num_branches": 0, "num_partial_branches": 0, "covered_branches": 0, "missing_branches": 0}, "missing_lines": [], "excluded_lines": [], "executed_branches": [], "missing_branches": []}}}, "socials/models/friendship_model.py": {"executed_lines": [1, 2, 3, 4, 5, 6, 8, 9, 10, 12, 13, 15, 16, 18, 19, 20, 21, 22], "summary": {"covered_lines": 18, "num_statements": 19, "percent_covered": 92.0, "percent_covered_display": "92", "missing_lines": 1, "excluded_lines": 0, "num_branches": 6, "num_partial_branches": 1, "covered_branches": 5, "missing_branches": 1}, "missing_lines": [17], "excluded_lines": [], "executed_branches": [[16, 18], [18, 19], [18, 20], [20, 21], [20, 22]], "missing_branches": [[16, 17]], "functions": {"Friendship.save": {"executed_lines": [16, 18, 19, 20, 21, 22], "summary": {"covered_lines": 6, "num_statements": 7, "percent_covered": 84.61538461538461, "percent_covered_display": "85", "missing_lines": 1, "excluded_lines": 0, "num_branches": 6, "num_partial_branches": 1, "covered_branches": 5, "missing_branches": 1}, "missing_lines": [17], "excluded_lines": [], "executed_branches": [[16, 18], [18, 19], [18, 20], [20, 21], [20, 22]], "missing_branches": [[16, 17]]}, "": {"executed_lines": [1, 2, 3, 4, 5, 6, 8, 9, 10, 12, 13, 15], "summary": {"covered_lines": 12, "num_statements": 12, "percent_covered": 100.0, "percent_covered_display": "100", "missing_lines": 0, "excluded_lines": 0, "num_branches": 0, "num_partial_branches": 0, "covered_branches": 0, "missing_branches": 0}, "missing_lines": [], "excluded_lines": [], "executed_branches": [], "missing_branches": []}}, "classes": {"Friendship": {"executed_lines": [16, 18, 19, 20, 21, 22], "summary": {"covered_lines": 6, "num_statements": 7, "percent_covered": 84.61538461538461, "percent_covered_display": "85", "missing_lines": 1, "excluded_lines": 0, "num_branches": 6, "num_partial_branches": 1, "covered_branches": 5, "missing_branches": 1}, "missing_lines": [17], "excluded_lines": [], "executed_branches": [[16, 18], [18, 19], [18, 20], [20, 21], [20, 22]], "missing_branches": [[16, 17]]}, "Friendship.Meta": {"executed_lines": [], "summary": {"covered_lines": 0, "num_statements": 0, "percent_covered": 100.0, "percent_covered_display": "100", "missing_lines": 0, "excluded_lines": 0, "num_branches": 0, "num_partial_branches": 0, "covered_branches": 0, "missing_branches": 0}, "missing_lines": [], "excluded_lines": [], "executed_branches": [], "missing_branches": []}, "": {"executed_lines": [1, 2, 3, 4, 5, 6, 8, 9, 10, 12, 13, 15], "summary": {"covered_lines": 12, "num_statements": 12, "percent_covered": 100.0, "percent_covered_display": "100", "missing_lines": 0, "excluded_lines": 0, "num_branches": 0, "num_partial_branches": 0, "covered_branches": 0, "missing_branches": 0}, "missing_lines": [], "excluded_lines": [], "executed_branches": [], "missing_branches": []}}}, "socials/models/gc_message_model.py": {"executed_lines": [1, 2, 3, 4, 6, 7, 8, 9, 10, 11, 13, 17, 20, 23, 26, 31], "summary": {"covered_lines": 16, "num_statements": 24, "percent_covered": 61.53846153846154, "percent_covered_display": "62", "missing_lines": 8, "excluded_lines": 0, "num_branches": 2, "num_partial_branches": 0, "covered_branches": 0, "missing_branches": 2}, "missing_lines": [15, 18, 21, 24, 27, 28, 29, 32], "excluded_lines": [], "executed_branches": [], "missing_branches": [[27, -26], [27, 28]], "functions": {"GCMessage.save": {"executed_lines": [], "summary": {"covered_lines": 0, "num_statements": 1, "percent_covered": 0.0, "percent_covered_display": "0", "missing_lines": 1, "excluded_lines": 0, "num_branches": 0, "num_partial_branches": 0, "covered_branches": 0, "missing_branches": 0}, "missing_lines": [15], "excluded_lines": [], "executed_branches": [], "missing_branches": []}, "GCMessage.delete_message": {"executed_lines": [], "summary": {"covered_lines": 0, "num_statements": 1, "percent_covered": 0.0, "percent_covered_display": "0", "missing_lines": 1, "excluded_lines": 0, "num_branches": 0, "num_partial_branches": 0, "covered_branches": 0, "missing_branches": 0}, "missing_lines": [18], "excluded_lines": [], "executed_branches": [], "missing_branches": []}, "GCMessage.formatted_date": {"executed_lines": [], "summary": {"covered_lines": 0, "num_statements": 1, "percent_covered": 0.0, "percent_covered_display": "0", "missing_lines": 1, "excluded_lines": 0, "num_branches": 0, "num_partial_branches": 0, "covered_branches": 0, "missing_branches": 0}, "missing_lines": [21], "excluded_lines": [], "executed_branches": [], "missing_branches": []}, "GCMessage.message_seen": {"executed_lines": [], "summary": {"covered_lines": 0, "num_statements": 1, "percent_covered": 0.0, "percent_covered_display": "0", "missing_lines": 1, "excluded_lines": 0, "num_branches": 0, "num_partial_branches": 0, "covered_branches": 0, "missing_branches": 0}, "missing_lines": [24], "excluded_lines": [], "executed_branches": [], "missing_branches": []}, "GCMessage.mark_as_seen": {"executed_lines": [], "summary": {"covered_lines": 0, "num_statements": 3, "percent_covered": 0.0, "percent_covered_display": "0", "missing_lines": 3, "excluded_lines": 0, "num_branches": 2, "num_partial_branches": 0, "covered_branches": 0, "missing_branches": 2}, "missing_lines": [27, 28, 29], "excluded_lines": [], "executed_branches": [], "missing_branches": [[27, -26], [27, 28]]}, "GCMessage.is_seen_by": {"executed_lines": [], "summary": {"covered_lines": 0, "num_statements": 1, "percent_covered": 0.0, "percent_covered_display": "0", "missing_lines": 1, "excluded_lines": 0, "num_branches": 0, "num_partial_branches": 0, "covered_branches": 0, "missing_branches": 0}, "missing_lines": [32], "excluded_lines": [], "executed_branches": [], "missing_branches": []}, "": {"executed_lines": [1, 2, 3, 4, 6, 7, 8, 9, 10, 11, 13, 17, 20, 23, 26, 31], "summary": {"covered_lines": 16, "num_statements": 16, "percent_covered": 100.0, "percent_covered_display": "100", "missing_lines": 0, "excluded_lines": 0, "num_branches": 0, "num_partial_branches": 0, "covered_branches": 0, "missing_branches": 0}, "missing_lines": [], "excluded_lines": [], "executed_branches": [], "missing_branches": []}}, "classes": {"GCMessage": {"executed_lines": [], "summary": {"covered_lines": 0, "num_statements": 8, "percent_covered": 0.0, "percent_covered_display": "0", "missing_lines": 8, "excluded_lines": 0, "num_branches": 2, "num_partial_branches": 0, "covered_branches": 0, "missing_branches": 2}, "missing_lines": [15, 18, 21, 24, 27, 28, 29, 32], "excluded_lines": [], "executed_branches": [], "missing_branches": [[27, -26], [27, 28]]}, "": {"executed_lines": [1, 2, 3, 4, 6, 7, 8, 9, 10, 11, 13, 17, 20, 23, 26, 31], "summary": {"covered_lines": 16, "num_statements": 16, "percent_covered": 100.0, "percent_covered_display": "100", "missing_lines": 0, "excluded_lines": 0, "num_branches": 0, "num_partial_branches": 0, "covered_branches": 0, "missing_branches": 0}, "missing_lines": [], "excluded_lines": [], "executed_branches": [], "missing_branches": []}}}, "socials/models/group_conversation_model.py": {"executed_lines": [1, 2, 4, 6, 7, 8, 10], "summary": {"covered_lines": 7, "num_statements": 8, "percent_covered": 87.5, "percent_covered_display": "88", "missing_lines": 1, "excluded_lines": 0, "num_branches": 0, "num_partial_branches": 0, "covered_branches": 0, "missing_branches": 0}, "missing_lines": [11], "excluded_lines": [], "executed_branches": [], "missing_branches": [], "functions": {"GroupConversation.save": {"executed_lines": [], "summary": {"covered_lines": 0, "num_statements": 1, "percent_covered": 0.0, "percent_covered_display": "0", "missing_lines": 1, "excluded_lines": 0, "num_branches": 0, "num_partial_branches": 0, "covered_branches": 0, "missing_branches": 0}, "missing_lines": [11], "excluded_lines": [], "executed_branches": [], "missing_branches": []}, "": {"executed_lines": [1, 2, 4, 6, 7, 8, 10], "summary": {"covered_lines": 7, "num_statements": 7, "percent_covered": 100.0, "percent_covered_display": "100", "missing_lines": 0, "excluded_lines": 0, "num_branches": 0, "num_partial_branches": 0, "covered_branches": 0, "missing_branches": 0}, "missing_lines": [], "excluded_lines": [], "executed_branches": [], "missing_branches": []}}, "classes": {"GroupConversation": {"executed_lines": [], "summary": {"covered_lines": 0, "num_statements": 1, "percent_covered": 0.0, "percent_covered_display": "0", "missing_lines": 1, "excluded_lines": 0, "num_branches": 0, "num_partial_branches": 0, "covered_branches": 0, "missing_branches": 0}, "missing_lines": [11], "excluded_lines": [], "executed_branches": [], "missing_branches": []}, "": {"executed_lines": [1, 2, 4, 6, 7, 8, 10], "summary": {"covered_lines": 7, "num_statements": 7, "percent_covered": 100.0, "percent_covered_display": "100", "missing_lines": 0, "excluded_lines": 0, "num_branches": 0, "num_partial_branches": 0, "covered_branches": 0, "missing_branches": 0}, "missing_lines": [], "excluded_lines": [], "executed_branches": [], "missing_branches": []}}}, "socials/models/image_model.py": {"executed_lines": [1, 2, 3, 5, 6, 7], "summary": {"covered_lines": 6, "num_statements": 6, "percent_covered": 100.0, "percent_covered_display": "100", "missing_lines": 0, "excluded_lines": 0, "num_branches": 0, "num_partial_branches": 0, "covered_branches": 0, "missing_branches": 0}, "missing_lines": [], "excluded_lines": [], "executed_branches": [], "missing_branches": [], "functions": {"": {"executed_lines": [1, 2, 3, 5, 6, 7], "summary": {"covered_lines": 6, "num_statements": 6, "percent_covered": 100.0, "percent_covered_display": "100", "missing_lines": 0, "excluded_lines": 0, "num_branches": 0, "num_partial_branches": 0, "covered_branches": 0, "missing_branches": 0}, "missing_lines": [], "excluded_lines": [], "executed_branches": [], "missing_branches": []}}, "classes": {"Image": {"executed_lines": [], "summary": {"covered_lines": 0, "num_statements": 0, "percent_covered": 100.0, "percent_covered_display": "100", "missing_lines": 0, "excluded_lines": 0, "num_branches": 0, "num_partial_branches": 0, "covered_branches": 0, "missing_branches": 0}, "missing_lines": [], "excluded_lines": [], "executed_branches": [], "missing_branches": []}, "": {"executed_lines": [1, 2, 3, 5, 6, 7], "summary": {"covered_lines": 6, "num_statements": 6, "percent_covered": 100.0, "percent_covered_display": "100", "missing_lines": 0, "excluded_lines": 0, "num_branches": 0, "num_partial_branches": 0, "covered_branches": 0, "missing_branches": 0}, "missing_lines": [], "excluded_lines": [], "executed_branches": [], "missing_branches": []}}}, "socials/models/like_model.py": {"executed_lines": [1, 2, 3, 5, 7, 8], "summary": {"covered_lines": 6, "num_statements": 6, "percent_covered": 100.0, "percent_covered_display": "100", "missing_lines": 0, "excluded_lines": 0, "num_branches": 0, "num_partial_branches": 0, "covered_branches": 0, "missing_branches": 0}, "missing_lines": [], "excluded_lines": [], "executed_branches": [], "missing_branches": [], "functions": {"": {"executed_lines": [1, 2, 3, 5, 7, 8], "summary": {"covered_lines": 6, "num_statements": 6, "percent_covered": 100.0, "percent_covered_display": "100", "missing_lines": 0, "excluded_lines": 0, "num_branches": 0, "num_partial_branches": 0, "covered_branches": 0, "missing_branches": 0}, "missing_lines": [], "excluded_lines": [], "executed_branches": [], "missing_branches": []}}, "classes": {"Like": {"executed_lines": [], "summary": {"covered_lines": 0, "num_statements": 0, "percent_covered": 100.0, "percent_covered_display": "100", "missing_lines": 0, "excluded_lines": 0, "num_branches": 0, "num_partial_branches": 0, "covered_branches": 0, "missing_branches": 0}, "missing_lines": [], "excluded_lines": [], "executed_branches": [], "missing_branches": []}, "": {"executed_lines": [1, 2, 3, 5, 7, 8], "summary": {"covered_lines": 6, "num_statements": 6, "percent_covered": 100.0, "percent_covered_display": "100", "missing_lines": 0, "excluded_lines": 0, "num_branches": 0, "num_partial_branches": 0, "covered_branches": 0, "missing_branches": 0}, "missing_lines": [], "excluded_lines": [], "executed_branches": [], "missing_branches": []}}}, "socials/models/message_model.py": {"executed_lines": [1, 2, 3, 4, 6, 7, 8, 9, 10, 11, 13, 20, 23, 26], "summary": {"covered_lines": 14, "num_statements": 20, "percent_covered": 63.63636363636363, "percent_covered_display": "64", "missing_lines": 6, "excluded_lines": 0, "num_branches": 2, "num_partial_branches": 0, "covered_branches": 0, "missing_branches": 2}, "missing_lines": [15, 16, 18, 21, 24, 27], "excluded_lines": [], "executed_branches": [], "missing_branches": [[15, 16], [15, 18]], "functions": {"Message.save": {"executed_lines": [], "summary": {"covered_lines": 0, "num_statements": 3, "percent_covered": 0.0, "percent_covered_display": "0", "missing_lines": 3, "excluded_lines": 0, "num_branches": 2, "num_partial_branches": 0, "covered_branches": 0, "missing_branches": 2}, "missing_lines": [15, 16, 18], "excluded_lines": [], "executed_branches": [], "missing_branches": [[15, 16], [15, 18]]}, "Message.delete_message": {"executed_lines": [], "summary": {"covered_lines": 0, "num_statements": 1, "percent_covered": 0.0, "percent_covered_display": "0", "missing_lines": 1, "excluded_lines": 0, "num_branches": 0, "num_partial_branches": 0, "covered_branches": 0, "missing_branches": 0}, "missing_lines": [21], "excluded_lines": [], "executed_branches": [], "missing_branches": []}, "Message.formatted_date": {"executed_lines": [], "summary": {"covered_lines": 0, "num_statements": 1, "percent_covered": 0.0, "percent_covered_display": "0", "missing_lines": 1, "excluded_lines": 0, "num_branches": 0, "num_partial_branches": 0, "covered_branches": 0, "missing_branches": 0}, "missing_lines": [24], "excluded_lines": [], "executed_branches": [], "missing_branches": []}, "Message.message_seen": {"executed_lines": [], "summary": {"covered_lines": 0, "num_statements": 1, "percent_covered": 0.0, "percent_covered_display": "0", "missing_lines": 1, "excluded_lines": 0, "num_branches": 0, "num_partial_branches": 0, "covered_branches": 0, "missing_branches": 0}, "missing_lines": [27], "excluded_lines": [], "executed_branches": [], "missing_branches": []}, "": {"executed_lines": [1, 2, 3, 4, 6, 7, 8, 9, 10, 11, 13, 20, 23, 26], "summary": {"covered_lines": 14, "num_statements": 14, "percent_covered": 100.0, "percent_covered_display": "100", "missing_lines": 0, "excluded_lines": 0, "num_branches": 0, "num_partial_branches": 0, "covered_branches": 0, "missing_branches": 0}, "missing_lines": [], "excluded_lines": [], "executed_branches": [], "missing_branches": []}}, "classes": {"Message": {"executed_lines": [], "summary": {"covered_lines": 0, "num_statements": 6, "percent_covered": 0.0, "percent_covered_display": "0", "missing_lines": 6, "excluded_lines": 0, "num_branches": 2, "num_partial_branches": 0, "covered_branches": 0, "missing_branches": 2}, "missing_lines": [15, 16, 18, 21, 24, 27], "excluded_lines": [], "executed_branches": [], "missing_branches": [[15, 16], [15, 18]]}, "": {"executed_lines": [1, 2, 3, 4, 6, 7, 8, 9, 10, 11, 13, 20, 23, 26], "summary": {"covered_lines": 14, "num_statements": 14, "percent_covered": 100.0, "percent_covered_display": "100", "missing_lines": 0, "excluded_lines": 0, "num_branches": 0, "num_partial_branches": 0, "covered_branches": 0, "missing_branches": 0}, "missing_lines": [], "excluded_lines": [], "executed_branches": [], "missing_branches": []}}}, "socials/models/post_model.py": {"executed_lines": [1, 2, 4, 5, 6, 7, 8, 10], "summary": {"covered_lines": 8, "num_statements": 10, "percent_covered": 80.0, "percent_covered_display": "80", "missing_lines": 2, "excluded_lines": 0, "num_branches": 0, "num_partial_branches": 0, "covered_branches": 0, "missing_branches": 0}, "missing_lines": [11, 12], "excluded_lines": [], "executed_branches": [], "missing_branches": [], "functions": {"Post.not_draft": {"executed_lines": [], "summary": {"covered_lines": 0, "num_statements": 2, "percent_covered": 0.0, "percent_covered_display": "0", "missing_lines": 2, "excluded_lines": 0, "num_branches": 0, "num_partial_branches": 0, "covered_branches": 0, "missing_branches": 0}, "missing_lines": [11, 12], "excluded_lines": [], "executed_branches": [], "missing_branches": []}, "": {"executed_lines": [1, 2, 4, 5, 6, 7, 8, 10], "summary": {"covered_lines": 8, "num_statements": 8, "percent_covered": 100.0, "percent_covered_display": "100", "missing_lines": 0, "excluded_lines": 0, "num_branches": 0, "num_partial_branches": 0, "covered_branches": 0, "missing_branches": 0}, "missing_lines": [], "excluded_lines": [], "executed_branches": [], "missing_branches": []}}, "classes": {"Post": {"executed_lines": [], "summary": {"covered_lines": 0, "num_statements": 2, "percent_covered": 0.0, "percent_covered_display": "0", "missing_lines": 2, "excluded_lines": 0, "num_branches": 0, "num_partial_branches": 0, "covered_branches": 0, "missing_branches": 0}, "missing_lines": [11, 12], "excluded_lines": [], "executed_branches": [], "missing_branches": []}, "": {"executed_lines": [1, 2, 4, 5, 6, 7, 8, 10], "summary": {"covered_lines": 8, "num_statements": 8, "percent_covered": 100.0, "percent_covered_display": "100", "missing_lines": 0, "excluded_lines": 0, "num_branches": 0, "num_partial_branches": 0, "covered_branches": 0, "missing_branches": 0}, "missing_lines": [], "excluded_lines": [], "executed_branches": [], "missing_branches": []}}}, "socials/models/user_model.py": {"executed_lines": [1, 2, 3, 4, 8, 9, 13, 19, 24, 25, 26, 28, 29, 31], "summary": {"covered_lines": 13, "num_statements": 13, "percent_covered": 100.0, "percent_covered_display": "100", "missing_lines": 0, "excluded_lines": 0, "num_branches": 0, "num_partial_branches": 0, "covered_branches": 0, "missing_branches": 0}, "missing_lines": [], "excluded_lines": [], "executed_branches": [], "missing_branches": [], "functions": {"": {"executed_lines": [1, 2, 3, 4, 8, 9, 13, 19, 24, 25, 26, 28, 29, 31], "summary": {"covered_lines": 13, "num_statements": 13, "percent_covered": 100.0, "percent_covered_display": "100", "missing_lines": 0, "excluded_lines": 0, "num_branches": 0, "num_partial_branches": 0, "covered_branches": 0, "missing_branches": 0}, "missing_lines": [], "excluded_lines": [], "executed_branches": [], "missing_branches": []}}, "classes": {"User": {"executed_lines": [], "summary": {"covered_lines": 0, "num_statements": 0, "percent_covered": 100.0, "percent_covered_display": "100", "missing_lines": 0, "excluded_lines": 0, "num_branches": 0, "num_partial_branches": 0, "covered_branches": 0, "missing_branches": 0}, "missing_lines": [], "excluded_lines": [], "executed_branches": [], "missing_branches": []}, "User.Meta": {"executed_lines": [], "summary": {"covered_lines": 0, "num_statements": 0, "percent_covered": 100.0, "percent_covered_display": "100", "missing_lines": 0, "excluded_lines": 0, "num_branches": 0, "num_partial_branches": 0, "covered_branches": 0, "missing_branches": 0}, "missing_lines": [], "excluded_lines": [], "executed_branches": [], "missing_branches": []}, "": {"executed_lines": [1, 2, 3, 4, 8, 9, 13, 19, 24, 25, 26, 28, 29, 31], "summary": {"covered_lines": 13, "num_statements": 13, "percent_covered": 100.0, "percent_covered_display": "100", "missing_lines": 0, "excluded_lines": 0, "num_branches": 0, "num_partial_branches": 0, "covered_branches": 0, "missing_branches": 0}, "missing_lines": [], "excluded_lines": [], "executed_branches": [], "missing_branches": []}}}, "socials/signals.py": {"executed_lines": [1, 2, 3, 4, 5, 6, 8, 9, 10, 11, 12, 15, 17, 20, 21, 22, 23, 24, 26, 27, 29, 30, 31, 32, 34, 36, 39, 40, 41, 42, 43, 45, 48, 51, 54, 55, 56, 59, 60, 61, 62, 63], "summary": {"covered_lines": 42, "num_statements": 47, "percent_covered": 82.27848101265823, "percent_covered_display": "82", "missing_lines": 5, "excluded_lines": 0, "num_branches": 32, "num_partial_branches": 9, "covered_branches": 23, "missing_branches": 9}, "missing_lines": [35, 37, 46, 49, 52], "excluded_lines": [], "executed_branches": [[9, 8], [9, 20], [10, 11], [15, -8], [15, 17], [17, -17], [17, -8], [17, 17], [21, 20], [21, 29], [22, 23], [26, -20], [26, 27], [30, 29], [30, 39], [34, 36], [36, -29], [40, -1], [40, 39], [41, 42], [45, 48], [48, 51], [51, 54], [54, 55]], "missing_branches": [[10, -8], [22, -20], [34, 35], [36, 37], [41, -39], [45, 46], [48, 49], [51, 52], [54, -39]], "functions": {"create_friendship_if_both_follow": {"executed_lines": [10, 11, 12, 15, 17], "summary": {"covered_lines": 5, "num_statements": 5, "percent_covered": 90.9090909090909, "percent_covered_display": "91", "missing_lines": 0, "excluded_lines": 0, "num_branches": 6, "num_partial_branches": 1, "covered_branches": 5, "missing_branches": 1}, "missing_lines": [], "excluded_lines": [], "executed_branches": [[10, 11], [15, -8], [15, 17], [17, -17], [17, -8], [17, 17]], "missing_branches": [[10, -8]]}, "automatic_follow": {"executed_lines": [22, 23, 24, 26, 27], "summary": {"covered_lines": 5, "num_statements": 5, "percent_covered": 88.88888888888889, "percent_covered_display": "89", "missing_lines": 0, "excluded_lines": 0, "num_branches": 4, "num_partial_branches": 1, "covered_branches": 3, "missing_branches": 1}, "missing_lines": [], "excluded_lines": [], "executed_branches": [[22, 23], [26, -20], [26, 27]], "missing_branches": [[22, -20]]}, "delete_friendship_if_follower_removed": {"executed_lines": [31, 32, 34, 36], "summary": {"covered_lines": 4, "num_statements": 6, "percent_covered": 60.0, "percent_covered_display": "60", "missing_lines": 2, "excluded_lines": 0, "num_branches": 4, "num_partial_branches": 2, "covered_branches": 2, "missing_branches": 2}, "missing_lines": [35, 37], "excluded_lines": [], "executed_branches": [[34, 36], [36, -29]], "missing_branches": [[34, 35], [36, 37]]}, "create_conversation_if_it_doesnt_exist": {"executed_lines": [41, 42, 43, 45, 48, 51, 54, 55, 56, 59, 60, 61, 62, 63], "summary": {"covered_lines": 14, "num_statements": 17, "percent_covered": 70.37037037037037, "percent_covered_display": "70", "missing_lines": 3, "excluded_lines": 0, "num_branches": 10, "num_partial_branches": 5, "covered_branches": 5, "missing_branches": 5}, "missing_lines": [46, 49, 52], "excluded_lines": [], "executed_branches": [[41, 42], [45, 48], [48, 51], [51, 54], [54, 55]], "missing_branches": [[41, -39], [45, 46], [48, 49], [51, 52], [54, -39]]}, "": {"executed_lines": [1, 2, 3, 4, 5, 6, 8, 9, 20, 21, 29, 30, 39, 40], "summary": {"covered_lines": 14, "num_statements": 14, "percent_covered": 100.0, "percent_covered_display": "100", "missing_lines": 0, "excluded_lines": 0, "num_branches": 8, "num_partial_branches": 0, "covered_branches": 8, "missing_branches": 0}, "missing_lines": [], "excluded_lines": [], "executed_branches": [[9, 8], [9, 20], [21, 20], [21, 29], [30, 29], [30, 39], [40, -1], [40, 39]], "missing_branches": []}}, "classes": {"": {"executed_lines": [1, 2, 3, 4, 5, 6, 8, 9, 10, 11, 12, 15, 17, 20, 21, 22, 23, 24, 26, 27, 29, 30, 31, 32, 34, 36, 39, 40, 41, 42, 43, 45, 48, 51, 54, 55, 56, 59, 60, 61, 62, 63], "summary": {"covered_lines": 42, "num_statements": 47, "percent_covered": 82.27848101265823, "percent_covered_display": "82", "missing_lines": 5, "excluded_lines": 0, "num_branches": 32, "num_partial_branches": 9, "covered_branches": 23, "missing_branches": 9}, "missing_lines": [35, 37, 46, 49, 52], "excluded_lines": [], "executed_branches": [[9, 8], [9, 20], [10, 11], [15, -8], [15, 17], [17, -17], [17, -8], [17, 17], [21, 20], [21, 29], [22, 23], [26, -20], [26, 27], [30, 29], [30, 39], [34, 36], [36, -29], [40, -1], [40, 39], [41, 42], [45, 48], [48, 51], [51, 54], [54, 55]], "missing_branches": [[10, -8], [22, -20], [34, 35], [36, 37], [41, -39], [45, 46], [48, 49], [51, 52], [54, -39]]}}}, "socials/tests/helpers.py": {"executed_lines": [1, 3, 5, 6, 7], "summary": {"covered_lines": 5, "num_statements": 5, "percent_covered": 100.0, "percent_covered_display": "100", "missing_lines": 0, "excluded_lines": 0, "num_branches": 0, "num_partial_branches": 0, "covered_branches": 0, "missing_branches": 0}, "missing_lines": [], "excluded_lines": [], "executed_branches": [], "missing_branches": [], "functions": {"reverse_with_next": {"executed_lines": [5, 6, 7], "summary": {"covered_lines": 3, "num_statements": 3, "percent_covered": 100.0, "percent_covered_display": "100", "missing_lines": 0, "excluded_lines": 0, "num_branches": 0, "num_partial_branches": 0, "covered_branches": 0, "missing_branches": 0}, "missing_lines": [], "excluded_lines": [], "executed_branches": [], "missing_branches": []}, "": {"executed_lines": [1, 3], "summary": {"covered_lines": 2, "num_statements": 2, "percent_covered": 100.0, "percent_covered_display": "100", "missing_lines": 0, "excluded_lines": 0, "num_branches": 0, "num_partial_branches": 0, "covered_branches": 0, "missing_branches": 0}, "missing_lines": [], "excluded_lines": [], "executed_branches": [], "missing_branches": []}}, "classes": {"": {"executed_lines": [1, 3, 5, 6, 7], "summary": {"covered_lines": 5, "num_statements": 5, "percent_covered": 100.0, "percent_covered_display": "100", "missing_lines": 0, "excluded_lines": 0, "num_branches": 0, "num_partial_branches": 0, "covered_branches": 0, "missing_branches": 0}, "missing_lines": [], "excluded_lines": [], "executed_branches": [], "missing_branches": []}}}, "socials/views/account/follower.py": {"executed_lines": [1, 2, 3, 4, 5, 6, 7, 10, 11, 13, 15, 17, 18, 19, 21, 23, 24, 26, 27, 29, 31, 32, 33, 35, 37, 38, 40, 41, 42, 43, 44], "summary": {"covered_lines": 30, "num_statements": 30, "percent_covered": 100.0, "percent_covered_display": "100", "missing_lines": 0, "excluded_lines": 0, "num_branches": 2, "num_partial_branches": 0, "covered_branches": 2, "missing_branches": 0}, "missing_lines": [], "excluded_lines": [], "executed_branches": [[42, 43], [42, 44]], "missing_branches": [], "functions": {"DeleteFollowerView.get_object": {"executed_lines": [17, 18, 19], "summary": {"covered_lines": 3, "num_statements": 3, "percent_covered": 100.0, "percent_covered_display": "100", "missing_lines": 0, "excluded_lines": 0, "num_branches": 0, "num_partial_branches": 0, "covered_branches": 0, "missing_branches": 0}, "missing_lines": [], "excluded_lines": [], "executed_branches": [], "missing_branches": []}, "DeleteFollowerView.get_success_url": {"executed_lines": [23, 24], "summary": {"covered_lines": 2, "num_statements": 2, "percent_covered": 100.0, "percent_covered_display": "100", "missing_lines": 0, "excluded_lines": 0, "num_branches": 0, "num_partial_branches": 0, "covered_branches": 0, "missing_branches": 0}, "missing_lines": [], "excluded_lines": [], "executed_branches": [], "missing_branches": []}, "RemoveFollowerView.get_object": {"executed_lines": [31, 32, 33], "summary": {"covered_lines": 3, "num_statements": 3, "percent_covered": 100.0, "percent_covered_display": "100", "missing_lines": 0, "excluded_lines": 0, "num_branches": 0, "num_partial_branches": 0, "covered_branches": 0, "missing_branches": 0}, "missing_lines": [], "excluded_lines": [], "executed_branches": [], "missing_branches": []}, "RemoveFollowerView.get_success_url": {"executed_lines": [37, 38], "summary": {"covered_lines": 2, "num_statements": 2, "percent_covered": 100.0, "percent_covered_display": "100", "missing_lines": 0, "excluded_lines": 0, "num_branches": 0, "num_partial_branches": 0, "covered_branches": 0, "missing_branches": 0}, "missing_lines": [], "excluded_lines": [], "executed_branches": [], "missing_branches": []}, "RemoveFollowerView.dispatch": {"executed_lines": [41, 42, 43, 44], "summary": {"covered_lines": 4, "num_statements": 4, "percent_covered": 100.0, "percent_covered_display": "100", "missing_lines": 0, "excluded_lines": 0, "num_branches": 2, "num_partial_branches": 0, "covered_branches": 2, "missing_branches": 0}, "missing_lines": [], "excluded_lines": [], "executed_branches": [[42, 43], [42, 44]], "missing_branches": []}, "": {"executed_lines": [1, 2, 3, 4, 5, 6, 7, 10, 11, 13, 15, 21, 26, 27, 29, 35, 40], "summary": {"covered_lines": 16, "num_statements": 16, "percent_covered": 100.0, "percent_covered_display": "100", "missing_lines": 0, "excluded_lines": 0, "num_branches": 0, "num_partial_branches": 0, "covered_branches": 0, "missing_branches": 0}, "missing_lines": [], "excluded_lines": [], "executed_branches": [], "missing_branches": []}}, "classes": {"DeleteFollowerView": {"executed_lines": [17, 18, 19, 23, 24], "summary": {"covered_lines": 5, "num_statements": 5, "percent_covered": 100.0, "percent_covered_display": "100", "missing_lines": 0, "excluded_lines": 0, "num_branches": 0, "num_partial_branches": 0, "covered_branches": 0, "missing_branches": 0}, "missing_lines": [], "excluded_lines": [], "executed_branches": [], "missing_branches": []}, "RemoveFollowerView": {"executed_lines": [31, 32, 33, 37, 38, 41, 42, 43, 44], "summary": {"covered_lines": 9, "num_statements": 9, "percent_covered": 100.0, "percent_covered_display": "100", "missing_lines": 0, "excluded_lines": 0, "num_branches": 2, "num_partial_branches": 0, "covered_branches": 2, "missing_branches": 0}, "missing_lines": [], "excluded_lines": [], "executed_branches": [[42, 43], [42, 44]], "missing_branches": []}, "": {"executed_lines": [1, 2, 3, 4, 5, 6, 7, 10, 11, 13, 15, 21, 26, 27, 29, 35, 40], "summary": {"covered_lines": 16, "num_statements": 16, "percent_covered": 100.0, "percent_covered_display": "100", "missing_lines": 0, "excluded_lines": 0, "num_branches": 0, "num_partial_branches": 0, "covered_branches": 0, "missing_branches": 0}, "missing_lines": [], "excluded_lines": [], "executed_branches": [], "missing_branches": []}}}, "socials/views/account/home.py": {"executed_lines": [1, 2, 3, 5, 6, 7, 9, 10, 11], "summary": {"covered_lines": 9, "num_statements": 9, "percent_covered": 100.0, "percent_covered_display": "100", "missing_lines": 0, "excluded_lines": 0, "num_branches": 4, "num_partial_branches": 0, "covered_branches": 4, "missing_branches": 0}, "missing_lines": [], "excluded_lines": [], "executed_branches": [[6, 5], [6, 9], [10, -1], [10, 9]], "missing_branches": [], "functions": {"home": {"executed_lines": [7], "summary": {"covered_lines": 1, "num_statements": 1, "percent_covered": 100.0, "percent_covered_display": "100", "missing_lines": 0, "excluded_lines": 0, "num_branches": 0, "num_partial_branches": 0, "covered_branches": 0, "missing_branches": 0}, "missing_lines": [], "excluded_lines": [], "executed_branches": [], "missing_branches": []}, "dashboard": {"executed_lines": [11], "summary": {"covered_lines": 1, "num_statements": 1, "percent_covered": 100.0, "percent_covered_display": "100", "missing_lines": 0, "excluded_lines": 0, "num_branches": 0, "num_partial_branches": 0, "covered_branches": 0, "missing_branches": 0}, "missing_lines": [], "excluded_lines": [], "executed_branches": [], "missing_branches": []}, "": {"executed_lines": [1, 2, 3, 5, 6, 9, 10], "summary": {"covered_lines": 7, "num_statements": 7, "percent_covered": 100.0, "percent_covered_display": "100", "missing_lines": 0, "excluded_lines": 0, "num_branches": 4, "num_partial_branches": 0, "covered_branches": 4, "missing_branches": 0}, "missing_lines": [], "excluded_lines": [], "executed_branches": [[6, 5], [6, 9], [10, -1], [10, 9]], "missing_branches": []}}, "classes": {"": {"executed_lines": [1, 2, 3, 5, 6, 7, 9, 10, 11], "summary": {"covered_lines": 9, "num_statements": 9, "percent_covered": 100.0, "percent_covered_display": "100", "missing_lines": 0, "excluded_lines": 0, "num_branches": 4, "num_partial_branches": 0, "covered_branches": 4, "missing_branches": 0}, "missing_lines": [], "excluded_lines": [], "executed_branches": [[6, 5], [6, 9], [10, -1], [10, 9]], "missing_branches": []}}}, "socials/views/account/login_signup.py": {"executed_lines": [1, 2, 3, 4, 5, 6, 7, 8, 9, 11, 12, 13, 14, 16, 17, 18, 19, 21, 22, 23, 25, 26, 27, 29, 30, 31, 32, 35, 36, 37, 39, 40, 41, 43, 44, 46, 47, 50, 51], "summary": {"covered_lines": 39, "num_statements": 39, "percent_covered": 100.0, "percent_covered_display": "100", "missing_lines": 0, "excluded_lines": 0, "num_branches": 2, "num_partial_branches": 0, "covered_branches": 2, "missing_branches": 0}, "missing_lines": [], "excluded_lines": [], "executed_branches": [[47, -1], [47, 46]], "missing_branches": [], "functions": {"SignUpView.form_valid": {"executed_lines": [17, 18, 19], "summary": {"covered_lines": 3, "num_statements": 3, "percent_covered": 100.0, "percent_covered_display": "100", "missing_lines": 0, "excluded_lines": 0, "num_branches": 0, "num_partial_branches": 0, "covered_branches": 0, "missing_branches": 0}, "missing_lines": [], "excluded_lines": [], "executed_branches": [], "missing_branches": []}, "SignUpView.form_invalid": {"executed_lines": [22, 23], "summary": {"covered_lines": 2, "num_statements": 2, "percent_covered": 100.0, "percent_covered_display": "100", "missing_lines": 0, "excluded_lines": 0, "num_branches": 0, "num_partial_branches": 0, "covered_branches": 0, "missing_branches": 0}, "missing_lines": [], "excluded_lines": [], "executed_branches": [], "missing_branches": []}, "SignUpView.get_success_url": {"executed_lines": [26, 27], "summary": {"covered_lines": 2, "num_statements": 2, "percent_covered": 100.0, "percent_covered_display": "100", "missing_lines": 0, "excluded_lines": 0, "num_branches": 0, "num_partial_branches": 0, "covered_branches": 0, "missing_branches": 0}, "missing_lines": [], "excluded_lines": [], "executed_branches": [], "missing_branches": []}, "LogInView.form_valid": {"executed_lines": [36, 37], "summary": {"covered_lines": 2, "num_statements": 2, "percent_covered": 100.0, "percent_covered_display": "100", "missing_lines": 0, "excluded_lines": 0, "num_branches": 0, "num_partial_branches": 0, "covered_branches": 0, "missing_branches": 0}, "missing_lines": [], "excluded_lines": [], "executed_branches": [], "missing_branches": []}, "LogInView.form_invalid": {"executed_lines": [40, 41], "summary": {"covered_lines": 2, "num_statements": 2, "percent_covered": 100.0, "percent_covered_display": "100", "missing_lines": 0, "excluded_lines": 0, "num_branches": 0, "num_partial_branches": 0, "covered_branches": 0, "missing_branches": 0}, "missing_lines": [], "excluded_lines": [], "executed_branches": [], "missing_branches": []}, "LogInView.get_success_url": {"executed_lines": [44], "summary": {"covered_lines": 1, "num_statements": 1, "percent_covered": 100.0, "percent_covered_display": "100", "missing_lines": 0, "excluded_lines": 0, "num_branches": 0, "num_partial_branches": 0, "covered_branches": 0, "missing_branches": 0}, "missing_lines": [], "excluded_lines": [], "executed_branches": [], "missing_branches": []}, "log_out": {"executed_lines": [50, 51], "summary": {"covered_lines": 2, "num_statements": 2, "percent_covered": 100.0, "percent_covered_display": "100", "missing_lines": 0, "excluded_lines": 0, "num_branches": 0, "num_partial_branches": 0, "covered_branches": 0, "missing_branches": 0}, "missing_lines": [], "excluded_lines": [], "executed_branches": [], "missing_branches": []}, "": {"executed_lines": [1, 2, 3, 4, 5, 6, 7, 8, 9, 11, 12, 13, 14, 16, 21, 25, 29, 30, 31, 32, 35, 39, 43, 46, 47], "summary": {"covered_lines": 25, "num_statements": 25, "percent_covered": 100.0, "percent_covered_display": "100", "missing_lines": 0, "excluded_lines": 0, "num_branches": 2, "num_partial_branches": 0, "covered_branches": 2, "missing_branches": 0}, "missing_lines": [], "excluded_lines": [], "executed_branches": [[47, -1], [47, 46]], "missing_branches": []}}, "classes": {"SignUpView": {"executed_lines": [17, 18, 19, 22, 23, 26, 27], "summary": {"covered_lines": 7, "num_statements": 7, "percent_covered": 100.0, "percent_covered_display": "100", "missing_lines": 0, "excluded_lines": 0, "num_branches": 0, "num_partial_branches": 0, "covered_branches": 0, "missing_branches": 0}, "missing_lines": [], "excluded_lines": [], "executed_branches": [], "missing_branches": []}, "LogInView": {"executed_lines": [36, 37, 40, 41, 44], "summary": {"covered_lines": 5, "num_statements": 5, "percent_covered": 100.0, "percent_covered_display": "100", "missing_lines": 0, "excluded_lines": 0, "num_branches": 0, "num_partial_branches": 0, "covered_branches": 0, "missing_branches": 0}, "missing_lines": [], "excluded_lines": [], "executed_branches": [], "missing_branches": []}, "": {"executed_lines": [1, 2, 3, 4, 5, 6, 7, 8, 9, 11, 12, 13, 14, 16, 21, 25, 29, 30, 31, 32, 35, 39, 43, 46, 47, 50, 51], "summary": {"covered_lines": 27, "num_statements": 27, "percent_covered": 100.0, "percent_covered_display": "100", "missing_lines": 0, "excluded_lines": 0, "num_branches": 2, "num_partial_branches": 0, "covered_branches": 2, "missing_branches": 0}, "missing_lines": [], "excluded_lines": [], "executed_branches": [[47, -1], [47, 46]], "missing_branches": []}}}, "socials/views/account/profile.py": {"executed_lines": [1, 2, 3, 4, 5, 6, 7, 8, 9, 11, 12, 13, 14, 15, 16, 17, 18, 20, 28, 30, 32, 33, 35, 37, 39, 41, 42, 43, 45, 47, 48, 49, 50, 52, 53, 55, 56, 57, 59, 61, 62, 64, 66, 67, 69, 71, 72, 74], "summary": {"covered_lines": 47, "num_statements": 51, "percent_covered": 92.45283018867924, "percent_covered_display": "92", "missing_lines": 4, "excluded_lines": 0, "num_branches": 2, "num_partial_branches": 0, "covered_branches": 2, "missing_branches": 0}, "missing_lines": [75, 76, 77, 78], "excluded_lines": [], "executed_branches": [[12, 11], [12, 30]], "missing_branches": [], "functions": {"view_profile": {"executed_lines": [13, 14, 15, 16, 17, 18, 20, 28], "summary": {"covered_lines": 8, "num_statements": 8, "percent_covered": 100.0, "percent_covered_display": "100", "missing_lines": 0, "excluded_lines": 0, "num_branches": 0, "num_partial_branches": 0, "covered_branches": 0, "missing_branches": 0}, "missing_lines": [], "excluded_lines": [], "executed_branches": [], "missing_branches": []}, "DeleteProfileView.get_object": {"executed_lines": [37], "summary": {"covered_lines": 1, "num_statements": 1, "percent_covered": 100.0, "percent_covered_display": "100", "missing_lines": 0, "excluded_lines": 0, "num_branches": 0, "num_partial_branches": 0, "covered_branches": 0, "missing_branches": 0}, "missing_lines": [], "excluded_lines": [], "executed_branches": [], "missing_branches": []}, "DeleteProfileView.get_form_kwargs": {"executed_lines": [41, 42, 43], "summary": {"covered_lines": 3, "num_statements": 3, "percent_covered": 100.0, "percent_covered_display": "100", "missing_lines": 0, "excluded_lines": 0, "num_branches": 0, "num_partial_branches": 0, "covered_branches": 0, "missing_branches": 0}, "missing_lines": [], "excluded_lines": [], "executed_branches": [], "missing_branches": []}, "DeleteProfileView.form_valid": {"executed_lines": [47, 48, 49, 50], "summary": {"covered_lines": 4, "num_statements": 4, "percent_covered": 100.0, "percent_covered_display": "100", "missing_lines": 0, "excluded_lines": 0, "num_branches": 0, "num_partial_branches": 0, "covered_branches": 0, "missing_branches": 0}, "missing_lines": [], "excluded_lines": [], "executed_branches": [], "missing_branches": []}, "EditProfileView.get_object": {"executed_lines": [61, 62], "summary": {"covered_lines": 2, "num_statements": 2, "percent_covered": 100.0, "percent_covered_display": "100", "missing_lines": 0, "excluded_lines": 0, "num_branches": 0, "num_partial_branches": 0, "covered_branches": 0, "missing_branches": 0}, "missing_lines": [], "excluded_lines": [], "executed_branches": [], "missing_branches": []}, "EditProfileView.get_success_url": {"executed_lines": [66, 67], "summary": {"covered_lines": 2, "num_statements": 2, "percent_covered": 100.0, "percent_covered_display": "100", "missing_lines": 0, "excluded_lines": 0, "num_branches": 0, "num_partial_branches": 0, "covered_branches": 0, "missing_branches": 0}, "missing_lines": [], "excluded_lines": [], "executed_branches": [], "missing_branches": []}, "FollowRequestsView.get_context_data": {"executed_lines": [], "summary": {"covered_lines": 0, "num_statements": 4, "percent_covered": 0.0, "percent_covered_display": "0", "missing_lines": 4, "excluded_lines": 0, "num_branches": 0, "num_partial_branches": 0, "covered_branches": 0, "missing_branches": 0}, "missing_lines": [75, 76, 77, 78], "excluded_lines": [], "executed_branches": [], "missing_branches": []}, "": {"executed_lines": [1, 2, 3, 4, 5, 6, 7, 8, 9, 11, 12, 30, 32, 33, 35, 39, 45, 52, 53, 55, 56, 57, 59, 64, 69, 71, 72, 74], "summary": {"covered_lines": 27, "num_statements": 27, "percent_covered": 100.0, "percent_covered_display": "100", "missing_lines": 0, "excluded_lines": 0, "num_branches": 2, "num_partial_branches": 0, "covered_branches": 2, "missing_branches": 0}, "missing_lines": [], "excluded_lines": [], "executed_branches": [[12, 11], [12, 30]], "missing_branches": []}}, "classes": {"DeleteProfileView": {"executed_lines": [37, 41, 42, 43, 47, 48, 49, 50], "summary": {"covered_lines": 8, "num_statements": 8, "percent_covered": 100.0, "percent_covered_display": "100", "missing_lines": 0, "excluded_lines": 0, "num_branches": 0, "num_partial_branches": 0, "covered_branches": 0, "missing_branches": 0}, "missing_lines": [], "excluded_lines": [], "executed_branches": [], "missing_branches": []}, "EditProfileView": {"executed_lines": [61, 62, 66, 67], "summary": {"covered_lines": 4, "num_statements": 4, "percent_covered": 100.0, "percent_covered_display": "100", "missing_lines": 0, "excluded_lines": 0, "num_branches": 0, "num_partial_branches": 0, "covered_branches": 0, "missing_branches": 0}, "missing_lines": [], "excluded_lines": [], "executed_branches": [], "missing_branches": []}, "FollowRequestsView": {"executed_lines": [], "summary": {"covered_lines": 0, "num_statements": 4, "percent_covered": 0.0, "percent_covered_display": "0", "missing_lines": 4, "excluded_lines": 0, "num_branches": 0, "num_partial_branches": 0, "covered_branches": 0, "missing_branches": 0}, "missing_lines": [75, 76, 77, 78], "excluded_lines": [], "executed_branches": [], "missing_branches": []}, "": {"executed_lines": [1, 2, 3, 4, 5, 6, 7, 8, 9, 11, 12, 13, 14, 15, 16, 17, 18, 20, 28, 30, 32, 33, 35, 39, 45, 52, 53, 55, 56, 57, 59, 64, 69, 71, 72, 74], "summary": {"covered_lines": 35, "num_statements": 35, "percent_covered": 100.0, "percent_covered_display": "100", "missing_lines": 0, "excluded_lines": 0, "num_branches": 2, "num_partial_branches": 0, "covered_branches": 2, "missing_branches": 0}, "missing_lines": [], "excluded_lines": [], "executed_branches": [[12
[...]
{"executed_lines": [16, 17], "summary": {"covered_lines": 2, "num_statements": 2, "percent_covered": 100.0, "percent_covered_display": "100", "missing_lines": 0, "excluded_lines": 0, "num_branches": 0, "num_partial_branches": 0, "covered_branches": 0, "missing_branches": 0}, "missing_lines": [], "excluded_lines": [], "executed_branches": [], "missing_branches": []}, "LoginProhibitedMixin.get_redirect_when_logged_in_url": {"executed_lines": [21, 22, 28], "summary": {"covered_lines": 3, "num_statements": 3, "percent_covered": 100.0, "percent_covered_display": "100", "missing_lines": 0, "excluded_lines": 0, "num_branches": 2, "num_partial_branches": 0, "covered_branches": 2, "missing_branches": 0}, "missing_lines": [], "excluded_lines": [], "executed_branches": [[21, 22], [21, 28]], "missing_branches": []}, "UserObjectAuthentication.dispatch": {"executed_lines": [33, 34, 35, 36], "summary": {"covered_lines": 4, "num_statements": 4, "percent_covered": 100.0, "percent_covered_display": "100", "missing_lines": 0, "excluded_lines": 0, "num_branches": 2, "num_partial_branches": 0, "covered_branches": 2, "missing_branches": 0}, "missing_lines": [], "excluded_lines": [], "executed_branches": [[34, 35], [34, 36]], "missing_branches": []}, "": {"executed_lines": [1, 2, 4, 5, 7, 9, 15, 19, 30, 31, 32], "summary": {"covered_lines": 9, "num_statements": 9, "percent_covered": 100.0, "percent_covered_display": "100", "missing_lines": 0, "excluded_lines": 0, "num_branches": 0, "num_partial_branches": 0, "covered_branches": 0, "missing_branches": 0}, "missing_lines": [], "excluded_lines": [], "executed_branches": [], "missing_branches": []}}, "classes": {"LoginProhibitedMixin": {"executed_lines": [11, 12, 13, 16, 17, 21, 22, 28], "summary": {"covered_lines": 8, "num_statements": 8, "percent_covered": 100.0, "percent_covered_display": "100", "missing_lines": 0, "excluded_lines": 0, "num_branches": 4, "num_partial_branches": 0, "covered_branches": 4, "missing_branches": 0}, "missing_lines": [], "excluded_lines": [], "executed_branches": [[11, 12], [11, 13], [21, 22], [21, 28]], "missing_branches": []}, "UserObjectAuthentication": {"executed_lines": [33, 34, 35, 36], "summary": {"covered_lines": 4, "num_statements": 4, "percent_covered": 100.0, "percent_covered_display": "100", "missing_lines": 0, "excluded_lines": 0, "num_branches": 2, "num_partial_branches": 0, "covered_branches": 2, "missing_branches": 0}, "missing_lines": [], "excluded_lines": [], "executed_branches": [[34, 35], [34, 36]], "missing_branches": []}, "": {"executed_lines": [1, 2, 4, 5, 7, 9, 15, 19, 30, 31, 32], "summary": {"covered_lines": 9, "num_statements": 9, "percent_covered": 100.0, "percent_covered_display": "100", "missing_lines": 0, "excluded_lines": 0, "num_branches": 0, "num_partial_branches": 0, "covered_branches": 0, "missing_branches": 0}, "missing_lines": [], "excluded_lines": [], "executed_branches": [], "missing_branches": []}}}, "socials/views/other_user.py": {"executed_lines": [1, 2, 3, 4, 5, 6, 7, 8, 9, 11, 12, 13, 15, 16, 17, 18, 19, 20, 22, 23, 25, 26, 27, 28, 29, 30, 31, 32, 34, 36, 37, 38, 39, 40, 41, 45, 46, 47, 51, 54, 55, 65, 66], "summary": {"covered_lines": 43, "num_statements": 58, "percent_covered": 68.42105263157895, "percent_covered_display": "68", "missing_lines": 15, "excluded_lines": 0, "num_branches": 18, "num_partial_branches": 1, "covered_branches": 9, "missing_branches": 9}, "missing_lines": [49, 56, 57, 58, 59, 60, 62, 63, 67, 68, 69, 70, 71, 73, 74], "excluded_lines": [], "executed_branches": [[18, 19], [18, 20], [37, 36], [37, 54], [38, 39], [55, 54], [55, 65], [66, -1], [66, 65]], "missing_branches": [[38, 49], [56, 57], [56, 62], [58, 59], [58, 60], [67, 68], [67, 73], [69, 70], [69, 71]], "functions": {"ViewUserView.dispatch": {"executed_lines": [16, 17, 18, 19, 20], "summary": {"covered_lines": 5, "num_statements": 5, "percent_covered": 100.0, "percent_covered_display": "100", "missing_lines": 0, "excluded_lines": 0, "num_branches": 2, "num_partial_branches": 0, "covered_branches": 2, "missing_branches": 0}, "missing_lines": [], "excluded_lines": [], "executed_branches": [[18, 19], [18, 20]], "missing_branches": []}, "ViewUserView.get_context_data": {"executed_lines": [23, 25, 26, 27, 28, 29, 30, 31, 32, 34], "summary": {"covered_lines": 10, "num_statements": 10, "percent_covered": 100.0, "percent_covered_display": "100", "missing_lines": 0, "excluded_lines": 0, "num_branches": 0, "num_partial_branches": 0, "covered_branches": 0, "missing_branches": 0}, "missing_lines": [], "excluded_lines": [], "executed_branches": [], "missing_branches": []}, "create_follow_request": {"executed_lines": [38, 39, 40, 41, 45, 46, 47, 51], "summary": {"covered_lines": 8, "num_statements": 9, "percent_covered": 81.81818181818181, "percent_covered_display": "82", "missing_lines": 1, "excluded_lines": 0, "num_branches": 2, "num_partial_branches": 1, "covered_branches": 1, "missing_branches": 1}, "missing_lines": [49], "excluded_lines": [], "executed_branches": [[38, 39]], "missing_branches": [[38, 49]]}, "accept_follow_request": {"executed_lines": [], "summary": {"covered_lines": 0, "num_statements": 7, "percent_covered": 0.0, "percent_covered_display": "0", "missing_lines": 7, "excluded_lines": 0, "num_branches": 4, "num_partial_branches": 0, "covered_branches": 0, "missing_branches": 4}, "missing_lines": [56, 57, 58, 59, 60, 62, 63], "excluded_lines": [], "executed_branches": [], "missing_branches": [[56, 57], [56, 62], [58, 59], [58, 60]]}, "remove_follow_request": {"executed_lines": [], "summary": {"covered_lines": 0, "num_statements": 7, "percent_covered": 0.0, "percent_covered_display": "0", "missing_lines": 7, "excluded_lines": 0, "num_branches": 4, "num_partial_branches": 0, "covered_branches": 0, "missing_branches": 4}, "missing_lines": [67, 68, 69, 70, 71, 73, 74], "excluded_lines": [], "executed_branches": [], "missing_branches": [[67, 68], [67, 73], [69, 70], [69, 71]]}, "": {"executed_lines": [1, 2, 3, 4, 5, 6, 7, 8, 9, 11, 12, 13, 15, 22, 36, 37, 54, 55, 65, 66], "summary": {"covered_lines": 20, "num_statements": 20, "percent_covered": 100.0, "percent_covered_display": "100", "missing_lines": 0, "excluded_lines": 0, "num_branches": 6, "num_partial_branches": 0, "covered_branches": 6, "missing_branches": 0}, "missing_lines": [], "excluded_lines": [], "executed_branches": [[37, 36], [37, 54], [55, 54], [55, 65], [66, -1], [66, 65]], "missing_branches": []}}, "classes": {"ViewUserView": {"executed_lines": [16, 17, 18, 19, 20, 23, 25, 26, 27, 28, 29, 30, 31, 32, 34], "summary": {"covered_lines": 15, "num_statements": 15, "percent_covered": 100.0, "percent_covered_display": "100", "missing_lines": 0, "excluded_lines": 0, "num_branches": 2, "num_partial_branches": 0, "covered_branches": 2, "missing_branches": 0}, "missing_lines": [], "excluded_lines": [], "executed_branches": [[18, 19], [18, 20]], "missing_branches": []}, "": {"executed_lines": [1, 2, 3, 4, 5, 6, 7, 8, 9, 11, 12, 13, 15, 22, 36, 37, 38, 39, 40, 41, 45, 46, 47, 51, 54, 55, 65, 66], "summary": {"covered_lines": 28, "num_statements": 43, "percent_covered": 59.32203389830509, "percent_covered_display": "59", "missing_lines": 15, "excluded_lines": 0, "num_branches": 16, "num_partial_branches": 1, "covered_branches": 7, "missing_branches": 9}, "missing_lines": [49, 56, 57, 58, 59, 60, 62, 63, 67, 68, 69, 70, 71, 73, 74], "excluded_lines": [], "executed_branches": [[37, 36], [37, 54], [38, 39], [55, 54], [55, 65], [66, -1], [66, 65]], "missing_branches": [[38, 49], [56, 57], [56, 62], [58, 59], [58, 60], [67, 68], [67, 73], [69, 70], [69, 71]]}}}, "socials/views/posts/posts.py": {"executed_lines": [1, 2, 3, 4, 5, 6, 7, 8, 9, 10, 11, 12, 14, 16, 17, 19, 22, 28, 33, 37, 63, 65, 66, 68, 73, 81, 89, 106, 123, 125, 126, 128, 131, 136, 143, 149], "summary": {"covered_lines": 36, "num_statements": 113, "percent_covered": 26.666666666666668, "percent_covered_display": "27", "missing_lines": 77, "excluded_lines": 0, "num_branches": 22, "num_partial_branches": 0, "covered_branches": 0, "missing_branches": 22}, "missing_lines": [20, 23, 24, 25, 26, 29, 30, 31, 34, 38, 39, 40, 42, 43, 44, 46, 47, 48, 49, 50, 51, 54, 55, 57, 58, 60, 61, 69, 70, 71, 74, 75, 76, 77, 78, 79, 82, 83, 85, 86, 87, 90, 92, 93, 95, 96, 97, 98, 99, 101, 102, 104, 107, 108, 110, 111, 112, 115, 117, 118, 119, 120, 121, 129, 132, 133, 134, 137, 138, 139, 140, 141, 144, 145, 146, 147, 150], "excluded_lines": [], "executed_branches": [], "missing_branches": [[38, 39], [38, 61], [42, 43], [42, 60], [44, 46], [44, 54], [54, 55], [54, 57], [75, 76], [75, 77], [77, 78], [77, 79], [92, 93], [92, 95], [95, 96], [95, 104], [96, 97], [96, 101], [110, 111], [110, 121], [111, 112], [111, 117]], "functions": {"CreatePostView.get_user": {"executed_lines": [], "summary": {"covered_lines": 0, "num_statements": 1, "percent_covered": 0.0, "percent_covered_display": "0", "missing_lines": 1, "excluded_lines": 0, "num_branches": 0, "num_partial_branches": 0, "covered_branches": 0, "missing_branches": 0}, "missing_lines": [20], "excluded_lines": [], "executed_branches": [], "missing_branches": []}, "CreatePostView.form_valid": {"executed_lines": [], "summary": {"covered_lines": 0, "num_statements": 4, "percent_covered": 0.0, "percent_covered_display": "0", "missing_lines": 4, "excluded_lines": 0, "num_branches": 0, "num_partial_branches": 0, "covered_branches": 0, "missing_branches": 0}, "missing_lines": [23, 24, 25, 26], "excluded_lines": [], "executed_branches": [], "missing_branches": []}, "CreatePostView.get_context_data": {"executed_lines": [], "summary": {"covered_lines": 0, "num_statements": 3, "percent_covered": 0.0, "percent_covered_display": "0", "missing_lines": 3, "excluded_lines": 0, "num_branches": 0, "num_partial_branches": 0, "covered_branches": 0, "missing_branches": 0}, "missing_lines": [29, 30, 31], "excluded_lines": [], "executed_branches": [], "missing_branches": []}, "CreatePostView.get_success_url": {"executed_lines": [], "summary": {"covered_lines": 0, "num_statements": 1, "percent_covered": 0.0, "percent_covered_display": "0", "missing_lines": 1, "excluded_lines": 0, "num_branches": 0, "num_partial_branches": 0, "covered_branches": 0, "missing_branches": 0}, "missing_lines": [34], "excluded_lines": [], "executed_branches": [], "missing_branches": []}, "handleMultipleImagesUpload": {"executed_lines": [], "summary": {"covered_lines": 0, "num_statements": 18, "percent_covered": 0.0, "percent_covered_display": "0", "missing_lines": 18, "excluded_lines": 0, "num_branches": 8, "num_partial_branches": 0, "covered_branches": 0, "missing_branches": 8}, "missing_lines": [38, 39, 40, 42, 43, 44, 46, 47, 48, 49, 50, 51, 54, 55, 57, 58, 60, 61], "excluded_lines": [], "executed_branches": [], "missing_branches": [[38, 39], [38, 61], [42, 43], [42, 60], [44, 46], [44, 54], [54, 55], [54, 57]]}, "ConfirmPostView.get_object": {"executed_lines": [], "summary": {"covered_lines": 0, "num_statements": 3, "percent_covered": 0.0, "percent_covered_display": "0", "missing_lines": 3, "excluded_lines": 0, "num_branches": 0, "num_partial_branches": 0, "covered_branches": 0, "missing_branches": 0}, "missing_lines": [69, 70, 71], "excluded_lines": [], "executed_branches": [], "missing_branches": []}, "ConfirmPostView.dispatch": {"executed_lines": [], "summary": {"covered_lines": 0, "num_statements": 6, "percent_covered": 0.0, "percent_covered_display": "0", "missing_lines": 6, "excluded_lines": 0, "num_branches": 4, "num_partial_branches": 0, "covered_branches": 0, "missing_branches": 4}, "missing_lines": [74, 75, 76, 77, 78, 79], "excluded_lines": [], "executed_branches": [], "missing_branches": [[75, 76], [75, 77], [77, 78], [77, 79]]}, "ConfirmPostView.get_context_data": {"executed_lines": [], "summary": {"covered_lines": 0, "num_statements": 5, "percent_covered": 0.0, "percent_covered_display": "0", "missing_lines": 5, "excluded_lines": 0, "num_branches": 0, "num_partial_branches": 0, "covered_branches": 0, "missing_branches": 0}, "missing_lines": [82, 83, 85, 86, 87], "excluded_lines": [], "executed_branches": [], "missing_branches": []}, "publishPost": {"executed_lines": [], "summary": {"covered_lines": 0, "num_statements": 11, "percent_covered": 0.0, "percent_covered_display": "0", "missing_lines": 11, "excluded_lines": 0, "num_branches": 6, "num_partial_branches": 0, "covered_branches": 0, "missing_branches": 6}, "missing_lines": [90, 92, 93, 95, 96, 97, 98, 99, 101, 102, 104], "excluded_lines": [], "executed_branches": [], "missing_branches": [[92, 93], [92, 95], [95, 96], [95, 104], [96, 97], [96, 101]]}, "like_toggle_view": {"executed_lines": [], "summary": {"covered_lines": 0, "num_statements": 11, "percent_covered": 0.0, "percent_covered_display": "0", "missing_lines": 11, "excluded_lines": 0, "num_branches": 4, "num_partial_branches": 0, "covered_branches": 0, "missing_branches": 4}, "missing_lines": [107, 108, 110, 111, 112, 115, 117, 118, 119, 120, 121], "excluded_lines": [], "executed_branches": [], "missing_branches": [[110, 111], [110, 121], [111, 112], [111, 117]]}, "CreateCommentView.get_user": {"executed_lines": [], "summary": {"covered_lines": 0, "num_statements": 1, "percent_covered": 0.0, "percent_covered_display": "0", "missing_lines": 1, "excluded_lines": 0, "num_branches": 0, "num_partial_branches": 0, "covered_branches": 0, "missing_branches": 0}, "missing_lines": [129], "excluded_lines": [], "executed_branches": [], "missing_branches": []}, "CreateCommentView.get_post": {"executed_lines": [], "summary": {"covered_lines": 0, "num_statements": 3, "percent_covered": 0.0, "percent_covered_display": "0", "missing_lines": 3, "excluded_lines": 0, "num_branches": 0, "num_partial_branches": 0, "covered_branches": 0, "missing_branches": 0}, "missing_lines": [132, 133, 134], "excluded_lines": [], "executed_branches": [], "missing_branches": []}, "CreateCommentView.form_valid": {"executed_lines": [], "summary": {"covered_lines": 0, "num_statements": 5, "percent_covered": 0.0, "percent_covered_display": "0", "missing_lines": 5, "excluded_lines": 0, "num_branches": 0, "num_partial_branches": 0, "covered_branches": 0, "missing_branches": 0}, "missing_lines": [137, 138, 139, 140, 141], "excluded_lines": [], "executed_branches": [], "missing_branches": []}, "CreateCommentView.get_context_data": {"executed_lines": [], "summary": {"covered_lines": 0, "num_statements": 4, "percent_covered": 0.0, "percent_covered_display": "0", "missing_lines": 4, "excluded_lines": 0, "num_branches": 0, "num_partial_branches": 0, "covered_branches": 0, "missing_branches": 0}, "missing_lines": [144, 145, 146, 147], "excluded_lines": [], "executed_branches": [], "missing_branches": []}, "CreateCommentView.get_success_url": {"executed_lines": [], "summary": {"covered_lines": 0, "num_statements": 1, "percent_covered": 0.0, "percent_covered_display": "0", "missing_lines": 1, "excluded_lines": 0, "num_branches": 0, "num_partial_branches": 0, "covered_branches": 0, "missing_branches": 0}, "missing_lines": [150], "excluded_lines": [], "executed_branches": [], "missing_branches": []}, "": {"executed_lines": [1, 2, 3, 4, 5, 6, 7, 8, 9, 10, 11, 12, 14, 16, 17, 19, 22, 28, 33, 37, 63, 65, 66, 68, 73, 81, 89, 106, 123, 125, 126, 128, 131, 136, 143, 149], "summary": {"covered_lines": 36, "num_statements": 36, "percent_covered": 100.0, "percent_covered_display": "100", "missing_lines": 0, "excluded_lines": 0, "num_branches": 0, "num_partial_branches": 0, "covered_branches": 0, "missing_branches": 0}, "missing_lines": [], "excluded_lines": [], "executed_branches": [], "missing_branches": []}}, "classes": {"CreatePostView": {"executed_lines": [], "summary": {"covered_lines": 0, "num_statements": 9, "percent_covered": 0.0, "percent_covered_display": "0", "missing_lines": 9, "excluded_lines": 0, "num_branches": 0, "num_partial_branches": 0, "covered_branches": 0, "missing_branches": 0}, "missing_lines": [20, 23, 24, 25, 26, 29, 30, 31, 34], "excluded_lines": [], "executed_branches": [], "missing_branches": []}, "ConfirmPostView": {"executed_lines": [], "summary": {"covered_lines": 0, "num_statements": 14, "percent_covered": 0.0, "percent_covered_display": "0", "missing_lines": 14, "excluded_lines": 0, "num_branches": 4, "num_partial_branches": 0, "covered_branches": 0, "missing_branches": 4}, "missing_lines": [69, 70, 71, 74, 75, 76, 77, 78, 79, 82, 83, 85, 86, 87], "excluded_lines": [], "executed_branches": [], "missing_branches": [[75, 76], [75, 77], [77, 78], [77, 79]]}, "CreateCommentView": {"executed_lines": [], "summary": {"covered_lines": 0, "num_statements": 14, "percent_covered": 0.0, "percent_covered_display": "0", "missing_lines": 14, "excluded_lines": 0, "num_branches": 0, "num_partial_branches": 0, "covered_branches": 0, "missing_branches": 0}, "missing_lines": [129, 132, 133, 134, 137, 138, 139, 140, 141, 144, 145, 146, 147, 150], "excluded_lines": [], "executed_branches": [], "missing_branches": []}, "": {"executed_lines": [1, 2, 3, 4, 5, 6, 7, 8, 9, 10, 11, 12, 14, 16, 17, 19, 22, 28, 33, 37, 63, 65, 66, 68, 73, 81, 89, 106, 123, 125, 126, 128, 131, 136, 143, 149], "summary": {"covered_lines": 36, "num_statements": 76, "percent_covered": 38.297872340425535, "percent_covered_display": "38", "missing_lines": 40, "excluded_lines": 0, "num_branches": 18, "num_partial_branches": 0, "covered_branches": 0, "missing_branches": 18}, "missing_lines": [38, 39, 40, 42, 43, 44, 46, 47, 48, 49, 50, 51, 54, 55, 57, 58, 60, 61, 90, 92, 93, 95, 96, 97, 98, 99, 101, 102, 104, 107, 108, 110, 111, 112, 115, 117, 118, 119, 120, 121], "excluded_lines": [], "executed_branches": [], "missing_branches": [[38, 39], [38, 61], [42, 43], [42, 60], [44, 46], [44, 54], [54, 55], [54, 57], [92, 93], [92, 95], [95, 96], [95, 104], [96, 97], [96, 101], [110, 111], [110, 121], [111, 112], [111, 117]]}}}, "socials/views/search.py": {"executed_lines": [1, 2, 3, 4, 5, 7, 8], "summary": {"covered_lines": 7, "num_statements": 15, "percent_covered": 42.857142857142854, "percent_covered_display": "43", "missing_lines": 8, "excluded_lines": 0, "num_branches": 6, "num_partial_branches": 0, "covered_branches": 2, "missing_branches": 4}, "missing_lines": [9, 10, 12, 13, 15, 17, 18, 20], "excluded_lines": [], "executed_branches": [[8, -1], [8, 7]], "missing_branches": [[12, 13], [12, 15], [17, 18], [17, 20]], "functions": {"search_view": {"executed_lines": [], "summary": {"covered_lines": 0, "num_statements": 8, "percent_covered": 0.0, "percent_covered_display": "0", "missing_lines": 8, "excluded_lines": 0, "num_branches": 4, "num_partial_branches": 0, "covered_branches": 0, "missing_branches": 4}, "missing_lines": [9, 10, 12, 13, 15, 17, 18, 20], "excluded_lines": [], "executed_branches": [], "missing_branches": [[12, 13], [12, 15], [17, 18], [17, 20]]}, "": {"executed_lines": [1, 2, 3, 4, 5, 7, 8], "summary": {"covered_lines": 7, "num_statements": 7, "percent_covered": 100.0, "percent_covered_display": "100", "missing_lines": 0, "excluded_lines": 0, "num_branches": 2, "num_partial_branches": 0, "covered_branches": 2, "missing_branches": 0}, "missing_lines": [], "excluded_lines": [], "executed_branches": [[8, -1], [8, 7]], "missing_branches": []}}, "classes": {"": {"executed_lines": [1, 2, 3, 4, 5, 7, 8], "summary": {"covered_lines": 7, "num_statements": 15, "percent_covered": 42.857142857142854, "percent_covered_display": "43", "missing_lines": 8, "excluded_lines": 0, "num_branches": 6, "num_partial_branches": 0, "covered_branches": 2, "missing_branches": 4}, "missing_lines": [9, 10, 12, 13, 15, 17, 18, 20], "excluded_lines": [], "executed_branches": [[8, -1], [8, 7]], "missing_branches": [[12, 13], [12, 15], [17, 18], [17, 20]]}}}}, "totals": {"covered_lines": 595, "num_statements": 848, "percent_covered": 67.36111111111111, "percent_covered_display": "67", "missing_lines": 253, "excluded_lines": 0, "num_branches": 160, "num_partial_branches": 14, "covered_branches": 84, "missing_branches": 76}}